[ 2017-08-23T10:56:52+08:00 ] ::1 /KMS/index.php
INFO: [ app_init ] --START--
INFO: Run Behavior\BuildLiteBehavior [ RunTime:0.000028s ]
INFO: [ app_init ] --END-- [ RunTime:0.008971s ]
INFO: [ app_begin ] --START--
INFO: Run Behavior\ReadHtmlCacheBehavior [ RunTime:0.025504s ]
INFO: [ app_begin ] --END-- [ RunTime:0.025651s ]
INFO: [ view_parse ] --START--
INFO: [ template_filter ] --START--
INFO: Run Behavior\ContentReplaceBehavior [ RunTime:0.000119s ]
INFO: [ template_filter ] --END-- [ RunTime:0.000324s ]
INFO: Run Behavior\ParseTemplateBehavior [ RunTime:0.149000s ]
INFO: [ view_parse ] --END-- [ RunTime:0.149159s ]
INFO: [ view_filter ] --START--
INFO: Run Behavior\WriteHtmlCacheBehavior [ RunTime:0.021800s ]
INFO: [ view_filter ] --END-- [ RunTime:0.021894s ]
INFO: [ app_end ] --START--
INFO: Run Behavior\ShowPageTraceBehavior [ RunTime:0.004043s ]
INFO: [ app_end ] --END-- [ RunTime:0.004165s ]

[ 2017-08-23T12:41:24+08:00 ] ::1 /KMS/Paginator/Paginator/pagination
INFO: [ app_init ] --START--
INFO: Run Behavior\BuildLiteBehavior [ RunTime:0.000035s ]
INFO: [ app_init ] --END-- [ RunTime:0.001101s ]
INFO: [ app_begin ] --START--
INFO: Run Behavior\ReadHtmlCacheBehavior [ RunTime:0.040745s ]
INFO: [ app_begin ] --END-- [ RunTime:0.040921s ]
SQL: SHOW COLUMNS FROM `comment` [ RunTime:0.0097s ]
ERR: 1054:Unknown column 'kasol' in 'where clause'
 [ SQL语句 ] : SELECT COUNT(*) AS tp_count FROM `comment` WHERE ( user=kasol ) LIMIT 1  
ERR: 1054:Unknown column 'kasol' in 'where clause'
 [ SQL语句 ] : SELECT COUNT(*) AS tp_count FROM `comment` WHERE ( user=kasol ) LIMIT 1  

[ 2017-08-23T12:42:14+08:00 ] ::1 /KMS/Paginator/Paginator/pagination
INFO: [ app_init ] --START--
INFO: Run Behavior\BuildLiteBehavior [ RunTime:0.000024s ]
INFO: [ app_init ] --END-- [ RunTime:0.000813s ]
INFO: [ app_begin ] --START--
INFO: Run Behavior\ReadHtmlCacheBehavior [ RunTime:0.001434s ]
INFO: [ app_begin ] --END-- [ RunTime:0.001539s ]
SQL: SHOW COLUMNS FROM `comment` [ RunTime:0.0078s ]
SQL: SELECT COUNT(*) AS tp_count FROM `comment` WHERE `user` = 'kasol' LIMIT 1   [ RunTime:0.0010s ]
ERR: 1054:Unknown column 'status' in 'where clause'
 [ SQL语句 ] : SELECT * FROM `comment` WHERE ( status=1 ) ORDER BY create_time LIMIT 0,25  
ERR: 1054:Unknown column 'status' in 'where clause'
 [ SQL语句 ] : SELECT * FROM `comment` WHERE ( status=1 ) ORDER BY create_time LIMIT 0,25  

[ 2017-08-23T12:42:30+08:00 ] ::1 /KMS/Paginator/Paginator/pagination
INFO: [ app_init ] --START--
INFO: Run Behavior\BuildLiteBehavior [ RunTime:0.000023s ]
INFO: [ app_init ] --END-- [ RunTime:0.000740s ]
INFO: [ app_begin ] --START--
INFO: Run Behavior\ReadHtmlCacheBehavior [ RunTime:0.001260s ]
INFO: [ app_begin ] --END-- [ RunTime:0.001373s ]
SQL: SHOW COLUMNS FROM `comment` [ RunTime:0.0073s ]
SQL: SELECT COUNT(*) AS tp_count FROM `comment` WHERE `user` = 'kasol' LIMIT 1   [ RunTime:0.0006s ]
INFO: [ app_end ] --START--
INFO: Run Behavior\ShowPageTraceBehavior [ RunTime:0.019741s ]
INFO: [ app_end ] --END-- [ RunTime:0.019881s ]

[ 2017-08-23T12:42:50+08:00 ] ::1 /KMS/Paginator/Paginator/pagination
INFO: [ app_init ] --START--
INFO: Run Behavior\BuildLiteBehavior [ RunTime:0.000022s ]
INFO: [ app_init ] --END-- [ RunTime:0.000899s ]
INFO: [ app_begin ] --START--
INFO: Run Behavior\ReadHtmlCacheBehavior [ RunTime:0.002208s ]
INFO: [ app_begin ] --END-- [ RunTime:0.002366s ]
SQL: SHOW COLUMNS FROM `comment` [ RunTime:0.0076s ]
SQL: SELECT COUNT(*) AS tp_count FROM `comment` WHERE `user` = 'kasol' LIMIT 1   [ RunTime:0.0005s ]
INFO: [ app_end ] --START--
INFO: Run Behavior\ShowPageTraceBehavior [ RunTime:0.003039s ]
INFO: [ app_end ] --END-- [ RunTime:0.003242s ]

[ 2017-08-23T12:52:11+08:00 ] ::1 /KMS/Paginator/Paginator/pagination
INFO: [ app_init ] --START--
INFO: Run Behavior\BuildLiteBehavior [ RunTime:0.000030s ]
INFO: [ app_init ] --END-- [ RunTime:0.001060s ]
INFO: [ app_begin ] --START--
INFO: Run Behavior\ReadHtmlCacheBehavior [ RunTime:0.003569s ]
INFO: [ app_begin ] --END-- [ RunTime:0.003727s ]
SQL: SHOW COLUMNS FROM `comment` [ RunTime:0.0100s ]
SQL: SELECT COUNT(*) AS tp_count FROM `comment` WHERE `user` = 'kasol' LIMIT 1   [ RunTime:0.0008s ]
SQL: SELECT * FROM `comment` WHERE `user` = 'kasol' ORDER BY public_time LIMIT 0,15   [ RunTime:0.0012s ]
INFO: [ view_parse ] --START--
INFO: [ template_filter ] --START--
INFO: Run Behavior\ContentReplaceBehavior [ RunTime:0.000119s ]
INFO: [ template_filter ] --END-- [ RunTime:0.000288s ]
INFO: Run Behavior\ParseTemplateBehavior [ RunTime:0.041195s ]
INFO: [ view_parse ] --END-- [ RunTime:0.041317s ]
INFO: [ view_filter ] --START--
INFO: Run Behavior\WriteHtmlCacheBehavior [ RunTime:0.007833s ]
INFO: [ view_filter ] --END-- [ RunTime:0.007924s ]
INFO: [ app_end ] --START--
INFO: Run Behavior\ShowPageTraceBehavior [ RunTime:0.002949s ]
INFO: [ app_end ] --END-- [ RunTime:0.003038s ]

[ 2017-08-23T12:55:56+08:00 ] ::1 /KMS/Paginator/Paginator/pagination
INFO: [ app_init ] --START--
INFO: Run Behavior\BuildLiteBehavior [ RunTime:0.000037s ]
INFO: [ app_init ] --END-- [ RunTime:0.001593s ]
INFO: [ app_begin ] --START--
INFO: Run Behavior\ReadHtmlCacheBehavior [ RunTime:0.003638s ]
INFO: [ app_begin ] --END-- [ RunTime:0.003798s ]
SQL: SHOW COLUMNS FROM `comment` [ RunTime:0.0098s ]
SQL: SELECT COUNT(*) AS tp_count FROM `comment` WHERE `user` = 'kasol' LIMIT 1   [ RunTime:0.0012s ]
SQL: SELECT * FROM `comment` WHERE `user` = 'kasol' ORDER BY public_time LIMIT 0,15   [ RunTime:0.0009s ]
INFO: [ view_parse ] --START--
INFO: [ template_filter ] --START--
INFO: Run Behavior\ContentReplaceBehavior [ RunTime:0.000112s ]
INFO: [ template_filter ] --END-- [ RunTime:0.000243s ]
NOTIC: [8] Array to string conversion E:\XAMPP\htdocs\KMS\APP\Runtime\Cache\Paginator\bf1f25ed82f41a153a6bab9b844ffee6.php 第 2 行.
INFO: Run Behavior\ParseTemplateBehavior [ RunTime:0.044629s ]
INFO: [ view_parse ] --END-- [ RunTime:0.044749s ]
INFO: [ view_filter ] --START--
INFO: Run Behavior\WriteHtmlCacheBehavior [ RunTime:0.002411s ]
INFO: [ view_filter ] --END-- [ RunTime:0.002594s ]
INFO: [ app_end ] --START--
INFO: Run Behavior\ShowPageTraceBehavior [ RunTime:0.002439s ]
INFO: [ app_end ] --END-- [ RunTime:0.002544s ]

[ 2017-08-23T12:59:28+08:00 ] ::1 /KMS/Paginator/Paginator/pagination
INFO: [ app_init ] --START--
INFO: Run Behavior\BuildLiteBehavior [ RunTime:0.000026s ]
INFO: [ app_init ] --END-- [ RunTime:0.001004s ]
INFO: [ app_begin ] --START--
INFO: Run Behavior\ReadHtmlCacheBehavior [ RunTime:0.002556s ]
INFO: [ app_begin ] --END-- [ RunTime:0.002682s ]
SQL: SHOW COLUMNS FROM `comment` [ RunTime:0.0072s ]
SQL: SELECT COUNT(*) AS tp_count FROM `comment` WHERE `user` = 'kasol' LIMIT 1   [ RunTime:0.0005s ]
SQL: SELECT * FROM `comment` WHERE `user` = 'kasol' ORDER BY public_time LIMIT 0,15   [ RunTime:0.0007s ]
INFO: [ app_end ] --START--
INFO: Run Behavior\ShowPageTraceBehavior [ RunTime:0.002329s ]
INFO: [ app_end ] --END-- [ RunTime:0.002417s ]

[ 2017-08-23T13:01:22+08:00 ] ::1 /KMS/Paginator/Paginator/pagination
INFO: [ app_init ] --START--
INFO: Run Behavior\BuildLiteBehavior [ RunTime:0.000024s ]
INFO: [ app_init ] --END-- [ RunTime:0.001018s ]
INFO: [ app_begin ] --START--
INFO: Run Behavior\ReadHtmlCacheBehavior [ RunTime:0.002573s ]
INFO: [ app_begin ] --END-- [ RunTime:0.002673s ]
SQL: SHOW COLUMNS FROM `comment` [ RunTime:0.0083s ]
SQL: SELECT COUNT(*) AS tp_count FROM `comment` WHERE `user` = 'kasol' LIMIT 1   [ RunTime:0.0006s ]
SQL: SELECT * FROM `comment` WHERE `user` = 'kasol' ORDER BY public_time LIMIT 0,5   [ RunTime:0.0009s ]
INFO: [ app_end ] --START--
INFO: Run Behavior\ShowPageTraceBehavior [ RunTime:0.002759s ]
INFO: [ app_end ] --END-- [ RunTime:0.002861s ]

[ 2017-08-23T13:06:51+08:00 ] ::1 /KMS/Paginator/Paginator/pagination
INFO: [ app_init ] --START--
INFO: Run Behavior\BuildLiteBehavior [ RunTime:0.000023s ]
INFO: [ app_init ] --END-- [ RunTime:0.000970s ]
INFO: [ app_begin ] --START--
INFO: Run Behavior\ReadHtmlCacheBehavior [ RunTime:0.003809s ]
INFO: [ app_begin ] --END-- [ RunTime:0.003944s ]
SQL: SHOW COLUMNS FROM `comment` [ RunTime:0.0562s ]
SQL: SELECT COUNT(*) AS tp_count FROM `comment` WHERE `user` = 'kasol' LIMIT 1   [ RunTime:0.0006s ]
SQL: SELECT * FROM `comment` WHERE `user` = 'kasol' ORDER BY public_time LIMIT 0,5   [ RunTime:0.0009s ]
INFO: [ app_end ] --START--
INFO: Run Behavior\ShowPageTraceBehavior [ RunTime:0.003790s ]
INFO: [ app_end ] --END-- [ RunTime:0.003937s ]

[ 2017-08-23T13:06:52+08:00 ] ::1 /KMS/Paginator/Paginator/pagination
INFO: [ app_init ] --START--
INFO: Run Behavior\BuildLiteBehavior [ RunTime:0.000024s ]
INFO: [ app_init ] --END-- [ RunTime:0.001003s ]
INFO: [ app_begin ] --START--
INFO: Run Behavior\ReadHtmlCacheBehavior [ RunTime:0.003215s ]
INFO: [ app_begin ] --END-- [ RunTime:0.003373s ]
SQL: SHOW COLUMNS FROM `comment` [ RunTime:0.0070s ]
SQL: SELECT COUNT(*) AS tp_count FROM `comment` WHERE `user` = 'kasol' LIMIT 1   [ RunTime:0.0005s ]
SQL: SELECT * FROM `comment` WHERE `user` = 'kasol' ORDER BY public_time LIMIT 0,5   [ RunTime:0.0007s ]
INFO: [ app_end ] --START--
INFO: Run Behavior\ShowPageTraceBehavior [ RunTime:0.003416s ]
INFO: [ app_end ] --END-- [ RunTime:0.003533s ]

[ 2017-08-23T13:06:53+08:00 ] ::1 /KMS/Paginator/Paginator/pagination
INFO: [ app_init ] --START--
INFO: Run Behavior\BuildLiteBehavior [ RunTime:0.000037s ]
INFO: [ app_init ] --END-- [ RunTime:0.001162s ]
INFO: [ app_begin ] --START--
INFO: Run Behavior\ReadHtmlCacheBehavior [ RunTime:0.003535s ]
INFO: [ app_begin ] --END-- [ RunTime:0.003698s ]
SQL: SHOW COLUMNS FROM `comment` [ RunTime:0.0069s ]
SQL: SELECT COUNT(*) AS tp_count FROM `comment` WHERE `user` = 'kasol' LIMIT 1   [ RunTime:0.0008s ]
SQL: SELECT * FROM `comment` WHERE `user` = 'kasol' ORDER BY public_time LIMIT 0,5   [ RunTime:0.0008s ]
INFO: [ app_end ] --START--
INFO: Run Behavior\ShowPageTraceBehavior [ RunTime:0.003394s ]
INFO: [ app_end ] --END-- [ RunTime:0.003520s ]

[ 2017-08-23T13:06:59+08:00 ] ::1 /KMS/Paginator/Paginator/pagination/2
INFO: [ app_init ] --START--
INFO: Run Behavior\BuildLiteBehavior [ RunTime:0.000035s ]
INFO: [ app_init ] --END-- [ RunTime:0.001344s ]
INFO: [ app_begin ] --START--
INFO: Run Behavior\ReadHtmlCacheBehavior [ RunTime:0.002668s ]
INFO: [ app_begin ] --END-- [ RunTime:0.002844s ]
SQL: SHOW COLUMNS FROM `comment` [ RunTime:0.0081s ]
SQL: SELECT COUNT(*) AS tp_count FROM `comment` WHERE `user` = 'kasol' LIMIT 1   [ RunTime:0.0005s ]
SQL: SELECT * FROM `comment` WHERE `user` = 'kasol' ORDER BY public_time LIMIT 0,5   [ RunTime:0.0007s ]
INFO: [ app_end ] --START--
INFO: Run Behavior\ShowPageTraceBehavior [ RunTime:0.002655s ]
INFO: [ app_end ] --END-- [ RunTime:0.002753s ]

[ 2017-08-23T13:07:09+08:00 ] ::1 /KMS/Paginator/Paginator/pagination/1
INFO: [ app_init ] --START--
INFO: Run Behavior\BuildLiteBehavior [ RunTime:0.000025s ]
INFO: [ app_init ] --END-- [ RunTime:0.001099s ]
INFO: [ app_begin ] --START--
INFO: Run Behavior\ReadHtmlCacheBehavior [ RunTime:0.003078s ]
INFO: [ app_begin ] --END-- [ RunTime:0.003215s ]
SQL: SHOW COLUMNS FROM `comment` [ RunTime:0.0082s ]
SQL: SELECT COUNT(*) AS tp_count FROM `comment` WHERE `user` = 'kasol' LIMIT 1   [ RunTime:0.0006s ]
SQL: SELECT * FROM `comment` WHERE `user` = 'kasol' ORDER BY public_time LIMIT 0,5   [ RunTime:0.0008s ]
INFO: [ app_end ] --START--
INFO: Run Behavior\ShowPageTraceBehavior [ RunTime:0.002544s ]
INFO: [ app_end ] --END-- [ RunTime:0.002635s ]

[ 2017-08-23T13:08:19+08:00 ] ::1 /KMS/Paginator/Paginator/pagination/1
INFO: [ app_init ] --START--
INFO: Run Behavior\BuildLiteBehavior [ RunTime:0.000034s ]
INFO: [ app_init ] --END-- [ RunTime:0.001286s ]
INFO: [ app_begin ] --START--
INFO: Run Behavior\ReadHtmlCacheBehavior [ RunTime:0.003101s ]
INFO: [ app_begin ] --END-- [ RunTime:0.003251s ]
SQL: SHOW COLUMNS FROM `comment` [ RunTime:0.0090s ]
SQL: SELECT COUNT(*) AS tp_count FROM `comment` WHERE `user` = 'kasol' LIMIT 1   [ RunTime:0.0007s ]
SQL: SELECT * FROM `comment` WHERE `user` = 'kasol' ORDER BY public_time LIMIT 0,5   [ RunTime:0.0009s ]
INFO: [ view_parse ] --START--
INFO: [ template_filter ] --START--
INFO: Run Behavior\ContentReplaceBehavior [ RunTime:0.000106s ]
INFO: [ template_filter ] --END-- [ RunTime:0.000245s ]
NOTIC: [8] Array to string conversion E:\XAMPP\htdocs\KMS\APP\Runtime\Cache\Paginator\bf1f25ed82f41a153a6bab9b844ffee6.php 第 2 行.
INFO: Run Behavior\ParseTemplateBehavior [ RunTime:0.020010s ]
INFO: [ view_parse ] --END-- [ RunTime:0.020212s ]
INFO: [ view_filter ] --START--
INFO: Run Behavior\WriteHtmlCacheBehavior [ RunTime:0.002884s ]
INFO: [ view_filter ] --END-- [ RunTime:0.003042s ]
INFO: [ app_end ] --START--
INFO: Run Behavior\ShowPageTraceBehavior [ RunTime:0.003246s ]
INFO: [ app_end ] --END-- [ RunTime:0.003365s ]

[ 2017-08-23T13:08:31+08:00 ] ::1 /KMS/Paginator/Paginator/pagination
INFO: [ app_init ] --START--
INFO: Run Behavior\BuildLiteBehavior [ RunTime:0.000022s ]
INFO: [ app_init ] --END-- [ RunTime:0.000883s ]
INFO: [ app_begin ] --START--
INFO: Run Behavior\ReadHtmlCacheBehavior [ RunTime:0.002947s ]
INFO: [ app_begin ] --END-- [ RunTime:0.003149s ]
SQL: SHOW COLUMNS FROM `comment` [ RunTime:0.0296s ]
SQL: SELECT COUNT(*) AS tp_count FROM `comment` WHERE `user` = 'kasol' LIMIT 1   [ RunTime:0.0005s ]
SQL: SELECT * FROM `comment` WHERE `user` = 'kasol' ORDER BY public_time LIMIT 0,5   [ RunTime:0.0008s ]
INFO: [ view_parse ] --START--
INFO: [ template_filter ] --START--
INFO: Run Behavior\ContentReplaceBehavior [ RunTime:0.000066s ]
INFO: [ template_filter ] --END-- [ RunTime:0.000156s ]
NOTIC: [8] Array to string conversion E:\XAMPP\htdocs\KMS\APP\Runtime\Cache\Paginator\bf1f25ed82f41a153a6bab9b844ffee6.php 第 2 行.
INFO: Run Behavior\ParseTemplateBehavior [ RunTime:0.012955s ]
INFO: [ view_parse ] --END-- [ RunTime:0.013048s ]
INFO: [ view_filter ] --START--
INFO: Run Behavior\WriteHtmlCacheBehavior [ RunTime:0.002286s ]
INFO: [ view_filter ] --END-- [ RunTime:0.002370s ]
INFO: [ app_end ] --START--
INFO: Run Behavior\ShowPageTraceBehavior [ RunTime:0.002268s ]
INFO: [ app_end ] --END-- [ RunTime:0.002355s ]

[ 2017-08-23T13:09:02+08:00 ] ::1 /KMS/Paginator/Paginator/pagination
INFO: [ app_init ] --START--
INFO: Run Behavior\BuildLiteBehavior [ RunTime:0.000026s ]
INFO: [ app_init ] --END-- [ RunTime:0.001939s ]
INFO: [ app_begin ] --START--
INFO: Run Behavior\ReadHtmlCacheBehavior [ RunTime:0.002487s ]
INFO: [ app_begin ] --END-- [ RunTime:0.002613s ]
SQL: SHOW COLUMNS FROM `comment` [ RunTime:0.0085s ]
SQL: SELECT COUNT(*) AS tp_count FROM `comment` WHERE `user` = 'kasol' LIMIT 1   [ RunTime:0.0005s ]
SQL: SELECT * FROM `comment` WHERE `user` = 'kasol' ORDER BY public_time LIMIT 0,5   [ RunTime:0.0006s ]
INFO: [ view_parse ] --START--
INFO: [ template_filter ] --START--
INFO: Run Behavior\ContentReplaceBehavior [ RunTime:0.000100s ]
INFO: [ template_filter ] --END-- [ RunTime:0.000230s ]
NOTIC: [8] Array to string conversion E:\XAMPP\htdocs\KMS\APP\Runtime\Cache\Paginator\bf1f25ed82f41a153a6bab9b844ffee6.php 第 2 行.
INFO: Run Behavior\ParseTemplateBehavior [ RunTime:0.017678s ]
INFO: [ view_parse ] --END-- [ RunTime:0.017797s ]
INFO: [ view_filter ] --START--
INFO: Run Behavior\WriteHtmlCacheBehavior [ RunTime:0.002922s ]
INFO: [ view_filter ] --END-- [ RunTime:0.003052s ]
INFO: [ app_end ] --START--
INFO: Run Behavior\ShowPageTraceBehavior [ RunTime:0.003399s ]
INFO: [ app_end ] --END-- [ RunTime:0.003537s ]

[ 2017-08-23T13:09:26+08:00 ] ::1 /KMS/Paginator/Paginator/pagination
INFO: [ app_init ] --START--
INFO: Run Behavior\BuildLiteBehavior [ RunTime:0.000067s ]
INFO: [ app_init ] --END-- [ RunTime:0.001612s ]
INFO: [ app_begin ] --START--
INFO: Run Behavior\ReadHtmlCacheBehavior [ RunTime:0.002368s ]
INFO: [ app_begin ] --END-- [ RunTime:0.002486s ]
SQL: SHOW COLUMNS FROM `comment` [ RunTime:0.0080s ]
SQL: SELECT COUNT(*) AS tp_count FROM `comment` WHERE `user` = 'kasol' LIMIT 1   [ RunTime:0.0005s ]
SQL: SELECT * FROM `comment` WHERE `user` = 'kasol' ORDER BY public_time LIMIT 0,5   [ RunTime:0.0008s ]
INFO: [ view_parse ] --START--
INFO: [ template_filter ] --START--
INFO: Run Behavior\ContentReplaceBehavior [ RunTime:0.000070s ]
INFO: [ template_filter ] --END-- [ RunTime:0.000161s ]
NOTIC: [8] Array to string conversion E:\XAMPP\htdocs\KMS\APP\Runtime\Cache\Paginator\bf1f25ed82f41a153a6bab9b844ffee6.php 第 2 行.
INFO: Run Behavior\ParseTemplateBehavior [ RunTime:0.017329s ]
INFO: [ view_parse ] --END-- [ RunTime:0.017440s ]
INFO: [ view_filter ] --START--
INFO: Run Behavior\WriteHtmlCacheBehavior [ RunTime:0.002697s ]
INFO: [ view_filter ] --END-- [ RunTime:0.002831s ]
INFO: [ app_end ] --START--
INFO: Run Behavior\ShowPageTraceBehavior [ RunTime:0.003271s ]
INFO: [ app_end ] --END-- [ RunTime:0.003365s ]

[ 2017-08-23T13:10:17+08:00 ] ::1 /KMS/Paginator/Paginator/pagination
INFO: [ app_init ] --START--
INFO: Run Behavior\BuildLiteBehavior [ RunTime:0.000022s ]
INFO: [ app_init ] --END-- [ RunTime:0.000897s ]
INFO: [ app_begin ] --START--
INFO: Run Behavior\ReadHtmlCacheBehavior [ RunTime:0.002235s ]
INFO: [ app_begin ] --END-- [ RunTime:0.002327s ]
SQL: SHOW COLUMNS FROM `comment` [ RunTime:0.0548s ]
SQL: SELECT COUNT(*) AS tp_count FROM `comment` WHERE `user` = 'kasol' LIMIT 1   [ RunTime:0.0005s ]
SQL: SELECT * FROM `comment` WHERE `user` = 'kasol' ORDER BY public_time LIMIT 0,5   [ RunTime:0.0006s ]
INFO: [ view_parse ] --START--
INFO: [ template_filter ] --START--
INFO: Run Behavior\ContentReplaceBehavior [ RunTime:0.000070s ]
INFO: [ template_filter ] --END-- [ RunTime:0.000164s ]
INFO: Run Behavior\ParseTemplateBehavior [ RunTime:0.014026s ]
INFO: [ view_parse ] --END-- [ RunTime:0.014134s ]
INFO: [ view_filter ] --START--
INFO: Run Behavior\WriteHtmlCacheBehavior [ RunTime:0.001957s ]
INFO: [ view_filter ] --END-- [ RunTime:0.002035s ]
INFO: [ app_end ] --START--
INFO: Run Behavior\ShowPageTraceBehavior [ RunTime:0.002230s ]
INFO: [ app_end ] --END-- [ RunTime:0.002307s ]

[ 2017-08-23T13:10:20+08:00 ] ::1 /KMS/index.php/Paginator/Paginator/pagination/p/2.html
INFO: [ app_init ] --START--
INFO: Run Behavior\BuildLiteBehavior [ RunTime:0.000036s ]
INFO: [ app_init ] --END-- [ RunTime:0.001323s ]
INFO: [ app_begin ] --START--
INFO: Run Behavior\ReadHtmlCacheBehavior [ RunTime:0.003404s ]
INFO: [ app_begin ] --END-- [ RunTime:0.003536s ]
SQL: SHOW COLUMNS FROM `comment` [ RunTime:0.0074s ]
SQL: SELECT COUNT(*) AS tp_count FROM `comment` WHERE `user` = 'kasol' LIMIT 1   [ RunTime:0.0006s ]
SQL: SELECT * FROM `comment` WHERE `user` = 'kasol' ORDER BY public_time LIMIT 5,5   [ RunTime:0.0010s ]
INFO: [ view_parse ] --START--
INFO: [ template_filter ] --START--
INFO: Run Behavior\ContentReplaceBehavior [ RunTime:0.000099s ]
INFO: [ template_filter ] --END-- [ RunTime:0.000252s ]
INFO: Run Behavior\ParseTemplateBehavior [ RunTime:0.015278s ]
INFO: [ view_parse ] --END-- [ RunTime:0.015439s ]
INFO: [ view_filter ] --START--
INFO: Run Behavior\WriteHtmlCacheBehavior [ RunTime:0.002758s ]
INFO: [ view_filter ] --END-- [ RunTime:0.002886s ]
INFO: [ app_end ] --START--
INFO: Run Behavior\ShowPageTraceBehavior [ RunTime:0.003246s ]
INFO: [ app_end ] --END-- [ RunTime:0.003373s ]

[ 2017-08-23T13:10:24+08:00 ] ::1 /KMS/index.php/Paginator/Paginator/pagination/p/1.html
INFO: [ app_init ] --START--
INFO: Run Behavior\BuildLiteBehavior [ RunTime:0.000029s ]
INFO: [ app_init ] --END-- [ RunTime:0.000931s ]
INFO: [ app_begin ] --START--
INFO: Run Behavior\ReadHtmlCacheBehavior [ RunTime:0.002156s ]
INFO: [ app_begin ] --END-- [ RunTime:0.002242s ]
SQL: SHOW COLUMNS FROM `comment` [ RunTime:0.0067s ]
SQL: SELECT COUNT(*) AS tp_count FROM `comment` WHERE `user` = 'kasol' LIMIT 1   [ RunTime:0.0004s ]
SQL: SELECT * FROM `comment` WHERE `user` = 'kasol' ORDER BY public_time LIMIT 0,5   [ RunTime:0.0006s ]
INFO: [ view_parse ] --START--
INFO: [ template_filter ] --START--
INFO: Run Behavior\ContentReplaceBehavior [ RunTime:0.000068s ]
INFO: [ template_filter ] --END-- [ RunTime:0.000160s ]
INFO: Run Behavior\ParseTemplateBehavior [ RunTime:0.013965s ]
INFO: [ view_parse ] --END-- [ RunTime:0.014076s ]
INFO: [ view_filter ] --START--
INFO: Run Behavior\WriteHtmlCacheBehavior [ RunTime:0.001922s ]
INFO: [ view_filter ] --END-- [ RunTime:0.001995s ]
INFO: [ app_end ] --START--
INFO: Run Behavior\ShowPageTraceBehavior [ RunTime:0.002213s ]
INFO: [ app_end ] --END-- [ RunTime:0.002292s ]

[ 2017-08-23T13:13:53+08:00 ] ::1 /KMS/index.php/Paginator/Paginator/pagination/p/1.html
INFO: [ app_init ] --START--
INFO: Run Behavior\BuildLiteBehavior [ RunTime:0.000037s ]
INFO: [ app_init ] --END-- [ RunTime:0.001469s ]
INFO: [ app_begin ] --START--
INFO: Run Behavior\ReadHtmlCacheBehavior [ RunTime:0.002398s ]
INFO: [ app_begin ] --END-- [ RunTime:0.002505s ]
SQL: SHOW COLUMNS FROM `comment` [ RunTime:0.0324s ]
SQL: SELECT COUNT(*) AS tp_count FROM `comment` WHERE `user` = 'kasol' LIMIT 1   [ RunTime:0.0006s ]
SQL: SELECT * FROM `comment` WHERE `user` = 'kasol' ORDER BY public_time LIMIT 0,5   [ RunTime:0.0008s ]
INFO: [ view_parse ] --START--
INFO: [ template_filter ] --START--
INFO: Run Behavior\ContentReplaceBehavior [ RunTime:0.000074s ]
INFO: [ template_filter ] --END-- [ RunTime:0.000165s ]
NOTIC: [8] Array to string conversion E:\XAMPP\htdocs\KMS\APP\Runtime\Cache\Paginator\bf1f25ed82f41a153a6bab9b844ffee6.php 第 5 行.
INFO: Run Behavior\ParseTemplateBehavior [ RunTime:0.017068s ]
INFO: [ view_parse ] --END-- [ RunTime:0.017209s ]
INFO: [ view_filter ] --START--
INFO: Run Behavior\WriteHtmlCacheBehavior [ RunTime:0.002740s ]
INFO: [ view_filter ] --END-- [ RunTime:0.002870s ]
INFO: [ app_end ] --START--
INFO: Run Behavior\ShowPageTraceBehavior [ RunTime:0.002854s ]
INFO: [ app_end ] --END-- [ RunTime:0.002972s ]

[ 2017-08-23T13:16:39+08:00 ] ::1 /KMS/index.php/Paginator/Paginator/pagination/p/1.html
INFO: [ app_init ] --START--
INFO: Run Behavior\BuildLiteBehavior [ RunTime:0.000024s ]
INFO: [ app_init ] --END-- [ RunTime:0.001095s ]
INFO: [ app_begin ] --START--
INFO: Run Behavior\ReadHtmlCacheBehavior [ RunTime:0.003097s ]
INFO: [ app_begin ] --END-- [ RunTime:0.003242s ]
SQL: SHOW COLUMNS FROM `comment` [ RunTime:0.0078s ]
SQL: SELECT COUNT(*) AS tp_count FROM `comment` WHERE `user` = 'kasol' LIMIT 1   [ RunTime:0.0006s ]
SQL: SELECT * FROM `comment` WHERE `user` = 'kasol' ORDER BY public_time LIMIT 0,5   [ RunTime:0.0009s ]
INFO: [ view_parse ] --START--
INFO: [ template_filter ] --START--
INFO: Run Behavior\ContentReplaceBehavior [ RunTime:0.000077s ]
INFO: [ template_filter ] --END-- [ RunTime:0.000169s ]
NOTIC: [8] Array to string conversion E:\XAMPP\htdocs\KMS\APP\Runtime\Cache\Paginator\bf1f25ed82f41a153a6bab9b844ffee6.php 第 5 行.
INFO: Run Behavior\ParseTemplateBehavior [ RunTime:0.039225s ]
INFO: [ view_parse ] --END-- [ RunTime:0.039319s ]
INFO: [ view_filter ] --START--
INFO: Run Behavior\WriteHtmlCacheBehavior [ RunTime:0.002214s ]
INFO: [ view_filter ] --END-- [ RunTime:0.002323s ]
INFO: [ app_end ] --START--
INFO: Run Behavior\ShowPageTraceBehavior [ RunTime:0.002298s ]
INFO: [ app_end ] --END-- [ RunTime:0.002384s ]

[ 2017-08-23T13:19:22+08:00 ] ::1 /KMS/index.php/Paginator/Paginator/pagination/p/1.html
INFO: [ app_init ] --START--
INFO: Run Behavior\BuildLiteBehavior [ RunTime:0.000034s ]
INFO: [ app_init ] --END-- [ RunTime:0.001367s ]
INFO: [ app_begin ] --START--
INFO: Run Behavior\ReadHtmlCacheBehavior [ RunTime:0.003293s ]
INFO: [ app_begin ] --END-- [ RunTime:0.003429s ]
SQL: SHOW COLUMNS FROM `comment` [ RunTime:0.0622s ]
SQL: SELECT COUNT(*) AS tp_count FROM `comment` WHERE `user` = 'kasol' LIMIT 1   [ RunTime:0.0006s ]
SQL: SELECT * FROM `comment` WHERE `user` = 'kasol' ORDER BY public_time LIMIT 0,5   [ RunTime:0.0007s ]
INFO: [ view_parse ] --START--
INFO: [ template_filter ] --START--
INFO: Run Behavior\ContentReplaceBehavior [ RunTime:0.000083s ]
INFO: [ template_filter ] --END-- [ RunTime:0.000173s ]
NOTIC: [8] Array to string conversion E:\XAMPP\htdocs\KMS\APP\Runtime\Cache\Paginator\bf1f25ed82f41a153a6bab9b844ffee6.php 第 5 行.
INFO: Run Behavior\ParseTemplateBehavior [ RunTime:0.018822s ]
INFO: [ view_parse ] --END-- [ RunTime:0.018916s ]
INFO: [ view_filter ] --START--
INFO: Run Behavior\WriteHtmlCacheBehavior [ RunTime:0.002679s ]
INFO: [ view_filter ] --END-- [ RunTime:0.002788s ]
INFO: [ app_end ] --START--
INFO: Run Behavior\ShowPageTraceBehavior [ RunTime:0.003278s ]
INFO: [ app_end ] --END-- [ RunTime:0.003405s ]

[ 2017-08-23T13:19:32+08:00 ] ::1 /KMS/index.php/Paginator/Paginator/pagination/p/2.html
INFO: [ app_init ] --START--
INFO: Run Behavior\BuildLiteBehavior [ RunTime:0.000037s ]
INFO: [ app_init ] --END-- [ RunTime:0.001287s ]
INFO: [ app_begin ] --START--
INFO: Run Behavior\ReadHtmlCacheBehavior [ RunTime:0.003362s ]
INFO: [ app_begin ] --END-- [ RunTime:0.003515s ]
SQL: SHOW COLUMNS FROM `comment` [ RunTime:0.0078s ]
SQL: SELECT COUNT(*) AS tp_count FROM `comment` WHERE `user` = 'kasol' LIMIT 1   [ RunTime:0.0005s ]
SQL: SELECT * FROM `comment` WHERE `user` = 'kasol' ORDER BY public_time LIMIT 5,5   [ RunTime:0.0240s ]
INFO: [ view_parse ] --START--
INFO: [ template_filter ] --START--
INFO: Run Behavior\ContentReplaceBehavior [ RunTime:0.000077s ]
INFO: [ template_filter ] --END-- [ RunTime:0.000165s ]
NOTIC: [8] Array to string conversion E:\XAMPP\htdocs\KMS\APP\Runtime\Cache\Paginator\bf1f25ed82f41a153a6bab9b844ffee6.php 第 5 行.
INFO: Run Behavior\ParseTemplateBehavior [ RunTime:0.016941s ]
INFO: [ view_parse ] --END-- [ RunTime:0.017030s ]
INFO: [ view_filter ] --START--
INFO: Run Behavior\WriteHtmlCacheBehavior [ RunTime:0.002759s ]
INFO: [ view_filter ] --END-- [ RunTime:0.002880s ]
INFO: [ app_end ] --START--
INFO: Run Behavior\ShowPageTraceBehavior [ RunTime:0.002785s ]
INFO: [ app_end ] --END-- [ RunTime:0.002894s ]

[ 2017-08-23T13:19:35+08:00 ] ::1 /KMS/index.php/Paginator/Paginator/pagination/p/1.html
INFO: [ app_init ] --START--
INFO: Run Behavior\BuildLiteBehavior [ RunTime:0.000031s ]
INFO: [ app_init ] --END-- [ RunTime:0.001041s ]
INFO: [ app_begin ] --START--
INFO: Run Behavior\ReadHtmlCacheBehavior [ RunTime:0.003254s ]
INFO: [ app_begin ] --END-- [ RunTime:0.003365s ]
SQL: SHOW COLUMNS FROM `comment` [ RunTime:0.0067s ]
SQL: SELECT COUNT(*) AS tp_count FROM `comment` WHERE `user` = 'kasol' LIMIT 1   [ RunTime:0.0006s ]
SQL: SELECT * FROM `comment` WHERE `user` = 'kasol' ORDER BY public_time LIMIT 0,5   [ RunTime:0.0008s ]
INFO: [ view_parse ] --START--
INFO: [ template_filter ] --START--
INFO: Run Behavior\ContentReplaceBehavior [ RunTime:0.000076s ]
INFO: [ template_filter ] --END-- [ RunTime:0.000159s ]
NOTIC: [8] Array to string conversion E:\XAMPP\htdocs\KMS\APP\Runtime\Cache\Paginator\bf1f25ed82f41a153a6bab9b844ffee6.php 第 5 行.
INFO: Run Behavior\ParseTemplateBehavior [ RunTime:0.015380s ]
INFO: [ view_parse ] --END-- [ RunTime:0.015481s ]
INFO: [ view_filter ] --START--
INFO: Run Behavior\WriteHtmlCacheBehavior [ RunTime:0.001918s ]
INFO: [ view_filter ] --END-- [ RunTime:0.001993s ]
INFO: [ app_end ] --START--
INFO: Run Behavior\ShowPageTraceBehavior [ RunTime:0.002202s ]
INFO: [ app_end ] --END-- [ RunTime:0.002284s ]

[ 2017-08-23T13:19:36+08:00 ] ::1 /KMS/index.php/Paginator/Paginator/pagination/p/2.html
INFO: [ app_init ] --START--
INFO: Run Behavior\BuildLiteBehavior [ RunTime:0.000036s ]
INFO: [ app_init ] --END-- [ RunTime:0.001306s ]
INFO: [ app_begin ] --START--
INFO: Run Behavior\ReadHtmlCacheBehavior [ RunTime:0.003811s ]
INFO: [ app_begin ] --END-- [ RunTime:0.003936s ]
SQL: SHOW COLUMNS FROM `comment` [ RunTime:0.0099s ]
SQL: SELECT COUNT(*) AS tp_count FROM `comment` WHERE `user` = 'kasol' LIMIT 1   [ RunTime:0.0006s ]
SQL: SELECT * FROM `comment` WHERE `user` = 'kasol' ORDER BY public_time LIMIT 5,5   [ RunTime:0.0006s ]
INFO: [ view_parse ] --START--
INFO: [ template_filter ] --START--
INFO: Run Behavior\ContentReplaceBehavior [ RunTime:0.000130s ]
INFO: [ template_filter ] --END-- [ RunTime:0.000225s ]
NOTIC: [8] Array to string conversion E:\XAMPP\htdocs\KMS\APP\Runtime\Cache\Paginator\bf1f25ed82f41a153a6bab9b844ffee6.php 第 5 行.
INFO: Run Behavior\ParseTemplateBehavior [ RunTime:0.016177s ]
INFO: [ view_parse ] --END-- [ RunTime:0.016289s ]
INFO: [ view_filter ] --START--
INFO: Run Behavior\WriteHtmlCacheBehavior [ RunTime:0.002344s ]
INFO: [ view_filter ] --END-- [ RunTime:0.002432s ]
INFO: [ app_end ] --START--
INFO: Run Behavior\ShowPageTraceBehavior [ RunTime:0.002544s ]
INFO: [ app_end ] --END-- [ RunTime:0.002629s ]

[ 2017-08-23T13:20:00+08:00 ] ::1 /KMS/index.php/Paginator/Paginator/pagination/p/1.html
INFO: [ app_init ] --START--
INFO: Run Behavior\BuildLiteBehavior [ RunTime:0.000034s ]
INFO: [ app_init ] --END-- [ RunTime:0.001316s ]
INFO: [ app_begin ] --START--
INFO: Run Behavior\ReadHtmlCacheBehavior [ RunTime:0.003342s ]
INFO: [ app_begin ] --END-- [ RunTime:0.003471s ]
SQL: SHOW COLUMNS FROM `comment` [ RunTime:0.0547s ]
SQL: SELECT COUNT(*) AS tp_count FROM `comment` WHERE `user` = 'kasol' LIMIT 1   [ RunTime:0.0006s ]
SQL: SELECT * FROM `comment` WHERE `user` = 'kasol' ORDER BY public_time LIMIT 0,5   [ RunTime:0.0007s ]
INFO: [ view_parse ] --START--
INFO: [ template_filter ] --START--
INFO: Run Behavior\ContentReplaceBehavior [ RunTime:0.000082s ]
INFO: [ template_filter ] --END-- [ RunTime:0.000170s ]
NOTIC: [8] Array to string conversion E:\XAMPP\htdocs\KMS\APP\Runtime\Cache\Paginator\bf1f25ed82f41a153a6bab9b844ffee6.php 第 5 行.
INFO: Run Behavior\ParseTemplateBehavior [ RunTime:0.017222s ]
INFO: [ view_parse ] --END-- [ RunTime:0.017322s ]
INFO: [ view_filter ] --START--
INFO: Run Behavior\WriteHtmlCacheBehavior [ RunTime:0.002343s ]
INFO: [ view_filter ] --END-- [ RunTime:0.002425s ]
INFO: [ app_end ] --START--
INFO: Run Behavior\ShowPageTraceBehavior [ RunTime:0.002229s ]
INFO: [ app_end ] --END-- [ RunTime:0.002311s ]

[ 2017-08-23T13:20:04+08:00 ] ::1 /KMS/index.php/Paginator/Paginator/pagination/p/2.html
INFO: [ app_init ] --START--
INFO: Run Behavior\BuildLiteBehavior [ RunTime:0.000025s ]
INFO: [ app_init ] --END-- [ RunTime:0.001216s ]
INFO: [ app_begin ] --START--
INFO: Run Behavior\ReadHtmlCacheBehavior [ RunTime:0.003162s ]
INFO: [ app_begin ] --END-- [ RunTime:0.003264s ]
SQL: SHOW COLUMNS FROM `comment` [ RunTime:0.0068s ]
SQL: SELECT COUNT(*) AS tp_count FROM `comment` WHERE `user` = 'kasol' LIMIT 1   [ RunTime:0.0005s ]
SQL: SELECT * FROM `comment` WHERE `user` = 'kasol' ORDER BY public_time LIMIT 5,5   [ RunTime:0.0006s ]
INFO: [ view_parse ] --START--
INFO: [ template_filter ] --START--
INFO: Run Behavior\ContentReplaceBehavior [ RunTime:0.000076s ]
INFO: [ template_filter ] --END-- [ RunTime:0.000167s ]
NOTIC: [8] Array to string conversion E:\XAMPP\htdocs\KMS\APP\Runtime\Cache\Paginator\bf1f25ed82f41a153a6bab9b844ffee6.php 第 5 行.
INFO: Run Behavior\ParseTemplateBehavior [ RunTime:0.015766s ]
INFO: [ view_parse ] --END-- [ RunTime:0.015859s ]
INFO: [ view_filter ] --START--
INFO: Run Behavior\WriteHtmlCacheBehavior [ RunTime:0.002740s ]
INFO: [ view_filter ] --END-- [ RunTime:0.002855s ]
INFO: [ app_end ] --START--
INFO: Run Behavior\ShowPageTraceBehavior [ RunTime:0.003148s ]
INFO: [ app_end ] --END-- [ RunTime:0.003256s ]

[ 2017-08-23T13:20:07+08:00 ] ::1 /KMS/index.php/Paginator/Paginator/pagination/p/2
INFO: [ app_init ] --START--
INFO: Run Behavior\BuildLiteBehavior [ RunTime:0.000038s ]
INFO: [ app_init ] --END-- [ RunTime:0.001721s ]
INFO: [ app_begin ] --START--
INFO: Run Behavior\ReadHtmlCacheBehavior [ RunTime:0.002985s ]
INFO: [ app_begin ] --END-- [ RunTime:0.003115s ]
SQL: SHOW COLUMNS FROM `comment` [ RunTime:0.0112s ]
SQL: SELECT COUNT(*) AS tp_count FROM `comment` WHERE `user` = 'kasol' LIMIT 1   [ RunTime:0.0005s ]
SQL: SELECT * FROM `comment` WHERE `user` = 'kasol' ORDER BY public_time LIMIT 5,5   [ RunTime:0.0008s ]
INFO: [ view_parse ] --START--
INFO: [ template_filter ] --START--
INFO: Run Behavior\ContentReplaceBehavior [ RunTime:0.000074s ]
INFO: [ template_filter ] --END-- [ RunTime:0.000160s ]
NOTIC: [8] Array to string conversion E:\XAMPP\htdocs\KMS\APP\Runtime\Cache\Paginator\bf1f25ed82f41a153a6bab9b844ffee6.php 第 5 行.
INFO: Run Behavior\ParseTemplateBehavior [ RunTime:0.016675s ]
INFO: [ view_parse ] --END-- [ RunTime:0.016766s ]
INFO: [ view_filter ] --START--
INFO: Run Behavior\WriteHtmlCacheBehavior [ RunTime:0.001922s ]
INFO: [ view_filter ] --END-- [ RunTime:0.001998s ]
INFO: [ app_end ] --START--
INFO: Run Behavior\ShowPageTraceBehavior [ RunTime:0.002377s ]
INFO: [ app_end ] --END-- [ RunTime:0.002486s ]

[ 2017-08-23T13:20:10+08:00 ] ::1 /KMS/index.php/Paginator/Paginator/pagination/p/1
INFO: [ app_init ] --START--
INFO: Run Behavior\BuildLiteBehavior [ RunTime:0.000025s ]
INFO: [ app_init ] --END-- [ RunTime:0.000934s ]
INFO: [ app_begin ] --START--
INFO: Run Behavior\ReadHtmlCacheBehavior [ RunTime:0.003996s ]
INFO: [ app_begin ] --END-- [ RunTime:0.004157s ]
SQL: SHOW COLUMNS FROM `comment` [ RunTime:0.0115s ]
SQL: SELECT COUNT(*) AS tp_count FROM `comment` WHERE `user` = 'kasol' LIMIT 1   [ RunTime:0.0005s ]
SQL: SELECT * FROM `comment` WHERE `user` = 'kasol' ORDER BY public_time LIMIT 0,5   [ RunTime:0.0007s ]
INFO: [ view_parse ] --START--
INFO: [ template_filter ] --START--
INFO: Run Behavior\ContentReplaceBehavior [ RunTime:0.000076s ]
INFO: [ template_filter ] --END-- [ RunTime:0.000163s ]
NOTIC: [8] Array to string conversion E:\XAMPP\htdocs\KMS\APP\Runtime\Cache\Paginator\bf1f25ed82f41a153a6bab9b844ffee6.php 第 5 行.
INFO: Run Behavior\ParseTemplateBehavior [ RunTime:0.015761s ]
INFO: [ view_parse ] --END-- [ RunTime:0.015878s ]
INFO: [ view_filter ] --START--
INFO: Run Behavior\WriteHtmlCacheBehavior [ RunTime:0.002143s ]
INFO: [ view_filter ] --END-- [ RunTime:0.002241s ]
INFO: [ app_end ] --START--
INFO: Run Behavior\ShowPageTraceBehavior [ RunTime:0.002470s ]
INFO: [ app_end ] --END-- [ RunTime:0.002556s ]

[ 2017-08-23T13:33:44+08:00 ] ::1 /KMS/index.php/Paginator/Paginator/pagination/p/1
INFO: [ app_init ] --START--
INFO: Run Behavior\BuildLiteBehavior [ RunTime:0.000071s ]
INFO: [ app_init ] --END-- [ RunTime:0.019238s ]
INFO: [ app_begin ] --START--
INFO: Run Behavior\ReadHtmlCacheBehavior [ RunTime:0.005705s ]
INFO: [ app_begin ] --END-- [ RunTime:0.005915s ]
SQL: SHOW COLUMNS FROM `comment` [ RunTime:0.0099s ]
SQL: SELECT COUNT(*) AS tp_count FROM `comment` WHERE `user` = 'kasol' LIMIT 1   [ RunTime:0.0008s ]
SQL: SELECT * FROM `comment` WHERE `user` = 'kasol' ORDER BY public_time LIMIT 0,5   [ RunTime:0.0009s ]
INFO: [ view_parse ] --START--
INFO: [ template_filter ] --START--
INFO: Run Behavior\ContentReplaceBehavior [ RunTime:0.000103s ]
INFO: [ template_filter ] --END-- [ RunTime:0.000215s ]
NOTIC: [8] Array to string conversion E:\XAMPP\htdocs\KMS\APP\Runtime\Cache\Paginator\bf1f25ed82f41a153a6bab9b844ffee6.php 第 5 行.
INFO: Run Behavior\ParseTemplateBehavior [ RunTime:0.025858s ]
INFO: [ view_parse ] --END-- [ RunTime:0.026018s ]
INFO: [ view_filter ] --START--
INFO: Run Behavior\WriteHtmlCacheBehavior [ RunTime:0.004155s ]
INFO: [ view_filter ] --END-- [ RunTime:0.004329s ]
INFO: [ app_end ] --START--
INFO: Run Behavior\ShowPageTraceBehavior [ RunTime:0.003815s ]
INFO: [ app_end ] --END-- [ RunTime:0.003931s ]

[ 2017-08-23T13:33:45+08:00 ] ::1 /KMS/index.php/Paginator/Paginator/pagination/p/1
INFO: [ app_init ] --START--
INFO: Run Behavior\BuildLiteBehavior [ RunTime:0.000036s ]
INFO: [ app_init ] --END-- [ RunTime:0.001409s ]
INFO: [ app_begin ] --START--
INFO: Run Behavior\ReadHtmlCacheBehavior [ RunTime:0.003335s ]
INFO: [ app_begin ] --END-- [ RunTime:0.003495s ]
SQL: SHOW COLUMNS FROM `comment` [ RunTime:0.0076s ]
SQL: SELECT COUNT(*) AS tp_count FROM `comment` WHERE `user` = 'kasol' LIMIT 1   [ RunTime:0.0005s ]
SQL: SELECT * FROM `comment` WHERE `user` = 'kasol' ORDER BY public_time LIMIT 0,5   [ RunTime:0.0007s ]
INFO: [ view_parse ] --START--
INFO: [ template_filter ] --START--
INFO: Run Behavior\ContentReplaceBehavior [ RunTime:0.000074s ]
INFO: [ template_filter ] --END-- [ RunTime:0.000176s ]
NOTIC: [8] Array to string conversion E:\XAMPP\htdocs\KMS\APP\Runtime\Cache\Paginator\bf1f25ed82f41a153a6bab9b844ffee6.php 第 5 行.
INFO: Run Behavior\ParseTemplateBehavior [ RunTime:0.016095s ]
INFO: [ view_parse ] --END-- [ RunTime:0.016251s ]
INFO: [ view_filter ] --START--
INFO: Run Behavior\WriteHtmlCacheBehavior [ RunTime:0.002408s ]
INFO: [ view_filter ] --END-- [ RunTime:0.002516s ]
INFO: [ app_end ] --START--
INFO: Run Behavior\ShowPageTraceBehavior [ RunTime:0.003646s ]
INFO: [ app_end ] --END-- [ RunTime:0.003787s ]

[ 2017-08-23T13:33:47+08:00 ] ::1 /KMS/index.php/Paginator/Paginator/pagination/p/1
INFO: [ app_init ] --START--
INFO: Run Behavior\BuildLiteBehavior [ RunTime:0.000039s ]
INFO: [ app_init ] --END-- [ RunTime:0.001448s ]
INFO: [ app_begin ] --START--
INFO: Run Behavior\ReadHtmlCacheBehavior [ RunTime:0.005726s ]
INFO: [ app_begin ] --END-- [ RunTime:0.005880s ]
SQL: SHOW COLUMNS FROM `comment` [ RunTime:0.0080s ]
SQL: SELECT COUNT(*) AS tp_count FROM `comment` WHERE `user` = 'kasol' LIMIT 1   [ RunTime:0.0006s ]
SQL: SELECT * FROM `comment` WHERE `user` = 'kasol' ORDER BY public_time LIMIT 0,5   [ RunTime:0.0009s ]
INFO: [ view_parse ] --START--
INFO: [ template_filter ] --START--
INFO: Run Behavior\ContentReplaceBehavior [ RunTime:0.000114s ]
INFO: [ template_filter ] --END-- [ RunTime:0.000252s ]
NOTIC: [8] Array to string conversion E:\XAMPP\htdocs\KMS\APP\Runtime\Cache\Paginator\bf1f25ed82f41a153a6bab9b844ffee6.php 第 5 行.
INFO: Run Behavior\ParseTemplateBehavior [ RunTime:0.021803s ]
INFO: [ view_parse ] --END-- [ RunTime:0.021952s ]
INFO: [ view_filter ] --START--
INFO: Run Behavior\WriteHtmlCacheBehavior [ RunTime:0.003068s ]
INFO: [ view_filter ] --END-- [ RunTime:0.003295s ]
INFO: [ app_end ] --START--
INFO: Run Behavior\ShowPageTraceBehavior [ RunTime:0.003788s ]
INFO: [ app_end ] --END-- [ RunTime:0.003941s ]

