[ 2017-08-23T09:39:37+08:00 ] ::1 /KMS/
INFO: [ app_init ] --START--
INFO: Run Behavior\BuildLiteBehavior [ RunTime:0.000066s ]
INFO: [ app_init ] --END-- [ RunTime:0.317037s ]
INFO: [ app_begin ] --START--
INFO: Run Behavior\ReadHtmlCacheBehavior [ RunTime:0.068419s ]
INFO: [ app_begin ] --END-- [ RunTime:0.068539s ]
NOTIC: [8] A session had already been started - ignoring session_start() E:\XAMPP\htdocs\KMS\APP\Home\Controller\IndexController.class.php 第 7 行.
INFO: [ view_parse ] --START--
INFO: [ template_filter ] --START--
INFO: Run Behavior\ContentReplaceBehavior [ RunTime:0.168777s ]
INFO: [ template_filter ] --END-- [ RunTime:0.168901s ]
INFO: Run Behavior\ParseTemplateBehavior [ RunTime:1.380085s ]
INFO: [ view_parse ] --END-- [ RunTime:1.380244s ]
INFO: [ view_filter ] --START--
INFO: Run Behavior\WriteHtmlCacheBehavior [ RunTime:0.067781s ]
INFO: [ view_filter ] --END-- [ RunTime:0.067849s ]
INFO: [ app_end ] --START--
INFO: Run Behavior\ShowPageTraceBehavior [ RunTime:0.098896s ]
INFO: [ app_end ] --END-- [ RunTime:0.098958s ]

[ 2017-08-23T12:02:47+08:00 ] ::1 /KMS/
INFO: [ app_init ] --START--
INFO: Run Behavior\BuildLiteBehavior [ RunTime:0.000034s ]
INFO: [ app_init ] --END-- [ RunTime:0.007721s ]
INFO: [ app_begin ] --START--
INFO: Run Behavior\ReadHtmlCacheBehavior [ RunTime:0.018518s ]
INFO: [ app_begin ] --END-- [ RunTime:0.018657s ]
NOTIC: [8] A session had already been started - ignoring session_start() E:\XAMPP\htdocs\KMS\APP\Home\Controller\IndexController.class.php 第 7 行.
INFO: [ view_parse ] --START--
INFO: [ template_filter ] --START--
INFO: Run Behavior\ContentReplaceBehavior [ RunTime:0.000142s ]
INFO: [ template_filter ] --END-- [ RunTime:0.000235s ]
INFO: Run Behavior\ParseTemplateBehavior [ RunTime:0.171258s ]
INFO: [ view_parse ] --END-- [ RunTime:0.171399s ]
INFO: [ view_filter ] --START--
INFO: Run Behavior\WriteHtmlCacheBehavior [ RunTime:0.017281s ]
INFO: [ view_filter ] --END-- [ RunTime:0.017388s ]
INFO: [ app_end ] --START--
INFO: Run Behavior\ShowPageTraceBehavior [ RunTime:0.003726s ]
INFO: [ app_end ] --END-- [ RunTime:0.003826s ]

