[ 2017-08-24T10:17:39+08:00 ] ::1 /KMS/
INFO: [ app_init ] --START--
INFO: Run Behavior\BuildLiteBehavior [ RunTime:0.000033s ]
INFO: [ app_init ] --END-- [ RunTime:0.085609s ]
INFO: [ app_begin ] --START--
INFO: Run Behavior\ReadHtmlCacheBehavior [ RunTime:0.018684s ]
INFO: [ app_begin ] --END-- [ RunTime:0.018807s ]
NOTIC: [8] A session had already been started - ignoring session_start() E:\XAMPP\htdocs\KMS\APP\Home\Controller\IndexController.class.php 第 7 行.
INFO: [ view_parse ] --START--
INFO: [ template_filter ] --START--
INFO: Run Behavior\ContentReplaceBehavior [ RunTime:0.016226s ]
INFO: [ template_filter ] --END-- [ RunTime:0.016332s ]
INFO: Run Behavior\ParseTemplateBehavior [ RunTime:0.188886s ]
INFO: [ view_parse ] --END-- [ RunTime:0.189011s ]
INFO: [ view_filter ] --START--
INFO: Run Behavior\WriteHtmlCacheBehavior [ RunTime:0.018554s ]
INFO: [ view_filter ] --END-- [ RunTime:0.018693s ]
INFO: [ app_end ] --START--
INFO: Run Behavior\ShowPageTraceBehavior [ RunTime:0.003663s ]
INFO: [ app_end ] --END-- [ RunTime:0.003770s ]

