[ 2017-08-24T10:18:21+08:00 ] ::1 /KMS/File/FileList/showList
INFO: [ app_init ] --START--
INFO: Run Behavior\BuildLiteBehavior [ RunTime:0.000021s ]
INFO: [ app_init ] --END-- [ RunTime:0.000862s ]
INFO: [ app_begin ] --START--
INFO: Run Behavior\ReadHtmlCacheBehavior [ RunTime:0.001227s ]
INFO: [ app_begin ] --END-- [ RunTime:0.001325s ]
SQL: SHOW COLUMNS FROM `file` [ RunTime:0.1610s ]
SQL: SELECT COUNT(*) AS tp_count FROM `file` WHERE `upload_by` = 'kasol' LIMIT 1   [ RunTime:0.0614s ]
SQL: SELECT * FROM `file` WHERE `upload_by` = 'kasol' LIMIT 0,12   [ RunTime:0.0011s ]
INFO: [ view_parse ] --START--
INFO: [ template_filter ] --START--
INFO: Run Behavior\ContentReplaceBehavior [ RunTime:0.000189s ]
INFO: [ template_filter ] --END-- [ RunTime:0.000276s ]
NOTIC: [8] Undefined variable: file_info E:\XAMPP\htdocs\KMS\APP\Runtime\Cache\File\9ff97a256eed39422615e1ad086c624c.php 第 122 行.
INFO: Run Behavior\ParseTemplateBehavior [ RunTime:0.059482s ]
INFO: [ view_parse ] --END-- [ RunTime:0.059630s ]
INFO: [ view_filter ] --START--
INFO: Run Behavior\WriteHtmlCacheBehavior [ RunTime:0.000912s ]
INFO: [ view_filter ] --END-- [ RunTime:0.000985s ]
INFO: [ app_end ] --START--
INFO: Run Behavior\ShowPageTraceBehavior [ RunTime:0.001108s ]
INFO: [ app_end ] --END-- [ RunTime:0.001209s ]

[ 2017-08-24T10:18:22+08:00 ] ::1 /KMS/File/FileUpload/queryFiles?pageId=1&pageNum=12
INFO: [ app_init ] --START--
INFO: Run Behavior\BuildLiteBehavior [ RunTime:0.000023s ]
INFO: [ app_init ] --END-- [ RunTime:0.000814s ]
INFO: [ app_begin ] --START--
INFO: Run Behavior\ReadHtmlCacheBehavior [ RunTime:0.001015s ]
INFO: [ app_begin ] --END-- [ RunTime:0.001129s ]
SQL: SHOW COLUMNS FROM `file` [ RunTime:0.0116s ]
SQL: SELECT COUNT(*) AS tp_count FROM `file` WHERE `upload_by` = 'kasol' LIMIT 1   [ RunTime:0.0005s ]
SQL: SELECT * FROM `file` WHERE `upload_by` = 'kasol' LIMIT 0,12   [ RunTime:0.0007s ]

[ 2017-08-24T10:32:44+08:00 ] ::1 /KMS/File/FileUpload/queryFiles?pageId=1&pageNum=12
INFO: [ app_init ] --START--
INFO: Run Behavior\BuildLiteBehavior [ RunTime:0.000125s ]
INFO: [ app_init ] --END-- [ RunTime:0.018799s ]
INFO: [ app_begin ] --START--
INFO: Run Behavior\ReadHtmlCacheBehavior [ RunTime:0.002762s ]
INFO: [ app_begin ] --END-- [ RunTime:0.002886s ]
SQL: SHOW COLUMNS FROM `file` [ RunTime:0.0117s ]
SQL: SELECT COUNT(*) AS tp_count FROM `file` WHERE `upload_by` = 'kasol' LIMIT 1   [ RunTime:0.0008s ]
SQL: SELECT * FROM `file` WHERE `upload_by` = 'kasol' LIMIT 0,12   [ RunTime:0.0007s ]

[ 2017-08-24T10:32:46+08:00 ] ::1 /KMS/File/FileUpload/queryFiles?pageId=1&pageNum=12
INFO: [ app_init ] --START--
INFO: Run Behavior\BuildLiteBehavior [ RunTime:0.000035s ]
INFO: [ app_init ] --END-- [ RunTime:0.001182s ]
INFO: [ app_begin ] --START--
INFO: Run Behavior\ReadHtmlCacheBehavior [ RunTime:0.001349s ]
INFO: [ app_begin ] --END-- [ RunTime:0.001464s ]
SQL: SHOW COLUMNS FROM `file` [ RunTime:0.0087s ]
SQL: SELECT COUNT(*) AS tp_count FROM `file` WHERE `upload_by` = 'kasol' LIMIT 1   [ RunTime:0.0006s ]
SQL: SELECT * FROM `file` WHERE `upload_by` = 'kasol' LIMIT 0,12   [ RunTime:0.0006s ]

[ 2017-08-24T10:32:49+08:00 ] ::1 /KMS/File/FileUpload/queryFiles?pageId=1&pageNum=12
INFO: [ app_init ] --START--
INFO: Run Behavior\BuildLiteBehavior [ RunTime:0.000033s ]
INFO: [ app_init ] --END-- [ RunTime:0.000965s ]
INFO: [ app_begin ] --START--
INFO: Run Behavior\ReadHtmlCacheBehavior [ RunTime:0.001348s ]
INFO: [ app_begin ] --END-- [ RunTime:0.001458s ]
SQL: SHOW COLUMNS FROM `file` [ RunTime:0.0091s ]
SQL: SELECT COUNT(*) AS tp_count FROM `file` WHERE `upload_by` = 'kasol' LIMIT 1   [ RunTime:0.0005s ]
SQL: SELECT * FROM `file` WHERE `upload_by` = 'kasol' LIMIT 0,12   [ RunTime:0.0006s ]

[ 2017-08-24T10:35:06+08:00 ] ::1 /KMS/File/FileList/showList
INFO: [ app_init ] --START--
INFO: Run Behavior\BuildLiteBehavior [ RunTime:0.000025s ]
INFO: [ app_init ] --END-- [ RunTime:0.001302s ]
INFO: [ app_begin ] --START--
INFO: Run Behavior\ReadHtmlCacheBehavior [ RunTime:0.002674s ]
INFO: [ app_begin ] --END-- [ RunTime:0.002815s ]
SQL: SHOW COLUMNS FROM `file` [ RunTime:0.0236s ]
SQL: SELECT COUNT(*) AS tp_count FROM `file` WHERE `upload_by` = 'kasol' LIMIT 1   [ RunTime:0.0005s ]
SQL: SELECT * FROM `file` WHERE `upload_by` = 'kasol' LIMIT 0,12   [ RunTime:0.0006s ]
INFO: [ view_parse ] --START--
INFO: [ template_filter ] --START--
INFO: Run Behavior\ContentReplaceBehavior [ RunTime:0.000238s ]
INFO: [ template_filter ] --END-- [ RunTime:0.000375s ]
NOTIC: [8] Undefined variable: file_info E:\XAMPP\htdocs\KMS\APP\Runtime\Cache\File\9ff97a256eed39422615e1ad086c624c.php 第 122 行.
INFO: Run Behavior\ParseTemplateBehavior [ RunTime:0.632952s ]
INFO: [ view_parse ] --END-- [ RunTime:0.633070s ]
INFO: [ view_filter ] --START--
INFO: Run Behavior\WriteHtmlCacheBehavior [ RunTime:0.170558s ]
INFO: [ view_filter ] --END-- [ RunTime:0.170650s ]
INFO: [ app_end ] --START--
INFO: Run Behavior\ShowPageTraceBehavior [ RunTime:0.010776s ]
INFO: [ app_end ] --END-- [ RunTime:0.010877s ]

[ 2017-08-24T10:35:10+08:00 ] ::1 /KMS/File/FileUpload/queryFiles?pageId=1&pageNum=12
INFO: [ app_init ] --START--
INFO: Run Behavior\BuildLiteBehavior [ RunTime:0.000023s ]
INFO: [ app_init ] --END-- [ RunTime:0.001043s ]
INFO: [ app_begin ] --START--
INFO: Run Behavior\ReadHtmlCacheBehavior [ RunTime:0.001787s ]
INFO: [ app_begin ] --END-- [ RunTime:0.001873s ]
SQL: SHOW COLUMNS FROM `file` [ RunTime:0.0078s ]
SQL: SELECT COUNT(*) AS tp_count FROM `file` WHERE `upload_by` = 'kasol' LIMIT 1   [ RunTime:0.0005s ]
SQL: SELECT * FROM `file` WHERE `upload_by` = 'kasol' LIMIT 0,12   [ RunTime:0.0007s ]

[ 2017-08-24T10:35:12+08:00 ] ::1 /KMS/File/FileUpload/queryFiles?pageId=1&pageNum=12
INFO: [ app_init ] --START--
INFO: Run Behavior\BuildLiteBehavior [ RunTime:0.000039s ]
INFO: [ app_init ] --END-- [ RunTime:0.003127s ]
INFO: [ app_begin ] --START--
INFO: Run Behavior\ReadHtmlCacheBehavior [ RunTime:0.001887s ]
INFO: [ app_begin ] --END-- [ RunTime:0.001980s ]
SQL: SHOW COLUMNS FROM `file` [ RunTime:0.0086s ]
SQL: SELECT COUNT(*) AS tp_count FROM `file` WHERE `upload_by` = 'kasol' LIMIT 1   [ RunTime:0.0005s ]
SQL: SELECT * FROM `file` WHERE `upload_by` = 'kasol' LIMIT 0,12   [ RunTime:0.0005s ]

[ 2017-08-24T10:35:13+08:00 ] ::1 /KMS/File/FileUpload/queryFiles?pageId=1&pageNum=12
INFO: [ app_init ] --START--
INFO: Run Behavior\BuildLiteBehavior [ RunTime:0.000035s ]
INFO: [ app_init ] --END-- [ RunTime:0.001157s ]
INFO: [ app_begin ] --START--
INFO: Run Behavior\ReadHtmlCacheBehavior [ RunTime:0.001405s ]
INFO: [ app_begin ] --END-- [ RunTime:0.001532s ]
SQL: SHOW COLUMNS FROM `file` [ RunTime:0.0107s ]
SQL: SELECT COUNT(*) AS tp_count FROM `file` WHERE `upload_by` = 'kasol' LIMIT 1   [ RunTime:0.0005s ]
SQL: SELECT * FROM `file` WHERE `upload_by` = 'kasol' LIMIT 0,12   [ RunTime:0.0006s ]

[ 2017-08-24T10:35:14+08:00 ] ::1 /KMS/File/FileUpload/queryFiles?pageId=1&pageNum=12
INFO: [ app_init ] --START--
INFO: Run Behavior\BuildLiteBehavior [ RunTime:0.000035s ]
INFO: [ app_init ] --END-- [ RunTime:0.001121s ]
INFO: [ app_begin ] --START--
INFO: Run Behavior\ReadHtmlCacheBehavior [ RunTime:0.002135s ]
INFO: [ app_begin ] --END-- [ RunTime:0.002275s ]
SQL: SHOW COLUMNS FROM `file` [ RunTime:0.0087s ]
SQL: SELECT COUNT(*) AS tp_count FROM `file` WHERE `upload_by` = 'kasol' LIMIT 1   [ RunTime:0.0004s ]
SQL: SELECT * FROM `file` WHERE `upload_by` = 'kasol' LIMIT 0,12   [ RunTime:0.0005s ]

[ 2017-08-24T10:35:15+08:00 ] ::1 /KMS/File/FileUpload/queryFiles?pageId=1&pageNum=12
INFO: [ app_init ] --START--
INFO: Run Behavior\BuildLiteBehavior [ RunTime:0.000022s ]
INFO: [ app_init ] --END-- [ RunTime:0.000790s ]
INFO: [ app_begin ] --START--
INFO: Run Behavior\ReadHtmlCacheBehavior [ RunTime:0.002178s ]
INFO: [ app_begin ] --END-- [ RunTime:0.002376s ]
SQL: SHOW COLUMNS FROM `file` [ RunTime:0.0121s ]
SQL: SELECT COUNT(*) AS tp_count FROM `file` WHERE `upload_by` = 'kasol' LIMIT 1   [ RunTime:0.0004s ]
SQL: SELECT * FROM `file` WHERE `upload_by` = 'kasol' LIMIT 0,12   [ RunTime:0.0006s ]

[ 2017-08-24T10:35:17+08:00 ] ::1 /KMS/File/FileUpload/queryFiles?pageId=1&pageNum=12
INFO: [ app_init ] --START--
INFO: Run Behavior\BuildLiteBehavior [ RunTime:0.000021s ]
INFO: [ app_init ] --END-- [ RunTime:0.000792s ]
INFO: [ app_begin ] --START--
INFO: Run Behavior\ReadHtmlCacheBehavior [ RunTime:0.001481s ]
INFO: [ app_begin ] --END-- [ RunTime:0.001612s ]
SQL: SHOW COLUMNS FROM `file` [ RunTime:0.0100s ]
SQL: SELECT COUNT(*) AS tp_count FROM `file` WHERE `upload_by` = 'kasol' LIMIT 1   [ RunTime:0.0005s ]
SQL: SELECT * FROM `file` WHERE `upload_by` = 'kasol' LIMIT 0,12   [ RunTime:0.0005s ]

[ 2017-08-24T10:36:29+08:00 ] ::1 /KMS/File/FileList/showList
INFO: [ app_init ] --START--
INFO: Run Behavior\BuildLiteBehavior [ RunTime:0.001028s ]
INFO: [ app_init ] --END-- [ RunTime:0.003998s ]
INFO: [ app_begin ] --START--
INFO: Run Behavior\ReadHtmlCacheBehavior [ RunTime:0.002013s ]
INFO: [ app_begin ] --END-- [ RunTime:0.002230s ]
SQL: SHOW COLUMNS FROM `file` [ RunTime:0.0105s ]
SQL: SELECT COUNT(*) AS tp_count FROM `file` WHERE `upload_by` = 'kasol' LIMIT 1   [ RunTime:0.0006s ]
SQL: SELECT * FROM `file` WHERE `upload_by` = 'kasol' LIMIT 0,12   [ RunTime:0.0007s ]
INFO: [ view_parse ] --START--
INFO: [ template_filter ] --START--
INFO: Run Behavior\ContentReplaceBehavior [ RunTime:0.000305s ]
INFO: [ template_filter ] --END-- [ RunTime:0.000437s ]
NOTIC: [8] Undefined variable: file_info E:\XAMPP\htdocs\KMS\APP\Runtime\Cache\File\9ff97a256eed39422615e1ad086c624c.php 第 122 行.
INFO: Run Behavior\ParseTemplateBehavior [ RunTime:0.035511s ]
INFO: [ view_parse ] --END-- [ RunTime:0.035651s ]
INFO: [ view_filter ] --START--
INFO: Run Behavior\WriteHtmlCacheBehavior [ RunTime:0.002829s ]
INFO: [ view_filter ] --END-- [ RunTime:0.002960s ]
INFO: [ app_end ] --START--
INFO: Run Behavior\ShowPageTraceBehavior [ RunTime:0.003335s ]
INFO: [ app_end ] --END-- [ RunTime:0.003488s ]

[ 2017-08-24T10:36:30+08:00 ] ::1 /KMS/File/FileUpload/queryFiles?pageId=1&pageNum=12
INFO: [ app_init ] --START--
INFO: Run Behavior\BuildLiteBehavior [ RunTime:0.000038s ]
INFO: [ app_init ] --END-- [ RunTime:0.001418s ]
INFO: [ app_begin ] --START--
INFO: Run Behavior\ReadHtmlCacheBehavior [ RunTime:0.001788s ]
INFO: [ app_begin ] --END-- [ RunTime:0.001943s ]
SQL: SHOW COLUMNS FROM `file` [ RunTime:0.0161s ]
SQL: SELECT COUNT(*) AS tp_count FROM `file` WHERE `upload_by` = 'kasol' LIMIT 1   [ RunTime:0.0016s ]
SQL: SELECT * FROM `file` WHERE `upload_by` = 'kasol' LIMIT 0,12   [ RunTime:0.0015s ]

[ 2017-08-24T10:36:33+08:00 ] ::1 /KMS/File/FileList/showList
INFO: [ app_init ] --START--
INFO: Run Behavior\BuildLiteBehavior [ RunTime:0.000037s ]
INFO: [ app_init ] --END-- [ RunTime:0.001633s ]
INFO: [ app_begin ] --START--
INFO: Run Behavior\ReadHtmlCacheBehavior [ RunTime:0.001697s ]
INFO: [ app_begin ] --END-- [ RunTime:0.001852s ]
SQL: SHOW COLUMNS FROM `file` [ RunTime:0.0199s ]
SQL: SELECT COUNT(*) AS tp_count FROM `file` WHERE `upload_by` = 'kasol' LIMIT 1   [ RunTime:0.0005s ]
SQL: SELECT * FROM `file` WHERE `upload_by` = 'kasol' LIMIT 0,12   [ RunTime:0.0008s ]
INFO: [ view_parse ] --START--
INFO: [ template_filter ] --START--
INFO: Run Behavior\ContentReplaceBehavior [ RunTime:0.000465s ]
INFO: [ template_filter ] --END-- [ RunTime:0.000615s ]
NOTIC: [8] Undefined variable: file_info E:\XAMPP\htdocs\KMS\APP\Runtime\Cache\File\9ff97a256eed39422615e1ad086c624c.php 第 122 行.
INFO: Run Behavior\ParseTemplateBehavior [ RunTime:0.037205s ]
INFO: [ view_parse ] --END-- [ RunTime:0.037391s ]
INFO: [ view_filter ] --START--
INFO: Run Behavior\WriteHtmlCacheBehavior [ RunTime:0.001707s ]
INFO: [ view_filter ] --END-- [ RunTime:0.001837s ]
INFO: [ app_end ] --START--
INFO: Run Behavior\ShowPageTraceBehavior [ RunTime:0.006386s ]
INFO: [ app_end ] --END-- [ RunTime:0.006647s ]

[ 2017-08-24T10:36:34+08:00 ] ::1 /KMS/File/FileUpload/queryFiles?pageId=1&pageNum=12
INFO: [ app_init ] --START--
INFO: Run Behavior\BuildLiteBehavior [ RunTime:0.000035s ]
INFO: [ app_init ] --END-- [ RunTime:0.001651s ]
INFO: [ app_begin ] --START--
INFO: Run Behavior\ReadHtmlCacheBehavior [ RunTime:0.002979s ]
INFO: [ app_begin ] --END-- [ RunTime:0.003694s ]
SQL: SHOW COLUMNS FROM `file` [ RunTime:0.0113s ]
SQL: SELECT COUNT(*) AS tp_count FROM `file` WHERE `upload_by` = 'kasol' LIMIT 1   [ RunTime:0.0006s ]
SQL: SELECT * FROM `file` WHERE `upload_by` = 'kasol' LIMIT 0,12   [ RunTime:0.0008s ]

[ 2017-08-24T10:38:17+08:00 ] ::1 /KMS/File/FileList/undefined
INFO: [ app_init ] --START--
INFO: Run Behavior\BuildLiteBehavior [ RunTime:0.000024s ]
INFO: [ app_init ] --END-- [ RunTime:0.000870s ]
INFO: [ app_begin ] --START--
INFO: Run Behavior\ReadHtmlCacheBehavior [ RunTime:0.003765s ]
INFO: [ app_begin ] --END-- [ RunTime:0.004237s ]
ERR: 非法操作:undefined

[ 2017-08-24T10:38:21+08:00 ] ::1 /KMS/File/FileUpload/queryFiles?pageId=1&pageNum=12
INFO: [ app_init ] --START--
INFO: Run Behavior\BuildLiteBehavior [ RunTime:0.000022s ]
INFO: [ app_init ] --END-- [ RunTime:0.000799s ]
INFO: [ app_begin ] --START--
INFO: Run Behavior\ReadHtmlCacheBehavior [ RunTime:0.001318s ]
INFO: [ app_begin ] --END-- [ RunTime:0.001415s ]
SQL: SHOW COLUMNS FROM `file` [ RunTime:0.0082s ]
SQL: SELECT COUNT(*) AS tp_count FROM `file` WHERE `upload_by` = 'kasol' LIMIT 1   [ RunTime:0.0006s ]
SQL: SELECT * FROM `file` WHERE `upload_by` = 'kasol' LIMIT 0,12   [ RunTime:0.0005s ]

[ 2017-08-24T10:38:43+08:00 ] ::1 /KMS/File/FileList/undefined
INFO: [ app_init ] --START--
INFO: Run Behavior\BuildLiteBehavior [ RunTime:0.000023s ]
INFO: [ app_init ] --END-- [ RunTime:0.001071s ]
INFO: [ app_begin ] --START--
INFO: Run Behavior\ReadHtmlCacheBehavior [ RunTime:0.002961s ]
INFO: [ app_begin ] --END-- [ RunTime:0.003094s ]
ERR: 非法操作:undefined

[ 2017-08-24T10:38:47+08:00 ] ::1 /KMS/File/FileUpload/queryFiles?pageId=1&pageNum=12
INFO: [ app_init ] --START--
INFO: Run Behavior\BuildLiteBehavior [ RunTime:0.000033s ]
INFO: [ app_init ] --END-- [ RunTime:0.001178s ]
INFO: [ app_begin ] --START--
INFO: Run Behavior\ReadHtmlCacheBehavior [ RunTime:0.002252s ]
INFO: [ app_begin ] --END-- [ RunTime:0.002403s ]
SQL: SHOW COLUMNS FROM `file` [ RunTime:0.0141s ]
SQL: SELECT COUNT(*) AS tp_count FROM `file` WHERE `upload_by` = 'kasol' LIMIT 1   [ RunTime:0.0007s ]
SQL: SELECT * FROM `file` WHERE `upload_by` = 'kasol' LIMIT 0,12   [ RunTime:0.0007s ]

[ 2017-08-24T10:44:09+08:00 ] ::1 /KMS/File/FileList/showList
INFO: [ app_init ] --START--
INFO: Run Behavior\BuildLiteBehavior [ RunTime:0.000062s ]
INFO: [ app_init ] --END-- [ RunTime:0.002125s ]
INFO: [ app_begin ] --START--
INFO: Run Behavior\ReadHtmlCacheBehavior [ RunTime:0.001853s ]
INFO: [ app_begin ] --END-- [ RunTime:0.001970s ]
SQL: SHOW COLUMNS FROM `file` [ RunTime:0.0121s ]
SQL: SELECT COUNT(*) AS tp_count FROM `file` WHERE `upload_by` = 'kasol' LIMIT 1   [ RunTime:0.0007s ]
SQL: SELECT * FROM `file` WHERE `upload_by` = 'kasol' LIMIT 0,12   [ RunTime:0.0006s ]
INFO: [ view_parse ] --START--
INFO: [ template_filter ] --START--
INFO: Run Behavior\ContentReplaceBehavior [ RunTime:0.000187s ]
INFO: [ template_filter ] --END-- [ RunTime:0.000274s ]
NOTIC: [8] Undefined variable: file_info E:\XAMPP\htdocs\KMS\APP\Runtime\Cache\File\9ff97a256eed39422615e1ad086c624c.php 第 122 行.
INFO: Run Behavior\ParseTemplateBehavior [ RunTime:0.028887s ]
INFO: [ view_parse ] --END-- [ RunTime:0.029025s ]
INFO: [ view_filter ] --START--
INFO: Run Behavior\WriteHtmlCacheBehavior [ RunTime:0.001152s ]
INFO: [ view_filter ] --END-- [ RunTime:0.001227s ]
INFO: [ app_end ] --START--
INFO: Run Behavior\ShowPageTraceBehavior [ RunTime:0.001937s ]
INFO: [ app_end ] --END-- [ RunTime:0.002030s ]

[ 2017-08-24T10:44:10+08:00 ] ::1 /KMS/File/FileUpload/queryFiles?pageId=1&pageNum=12
INFO: [ app_init ] --START--
INFO: Run Behavior\BuildLiteBehavior [ RunTime:0.000037s ]
INFO: [ app_init ] --END-- [ RunTime:0.001904s ]
INFO: [ app_begin ] --START--
INFO: Run Behavior\ReadHtmlCacheBehavior [ RunTime:0.004505s ]
INFO: [ app_begin ] --END-- [ RunTime:0.005476s ]
SQL: SHOW COLUMNS FROM `file` [ RunTime:0.0146s ]
SQL: SELECT COUNT(*) AS tp_count FROM `file` WHERE `upload_by` = 'kasol' LIMIT 1   [ RunTime:0.0007s ]
SQL: SELECT * FROM `file` WHERE `upload_by` = 'kasol' LIMIT 0,12   [ RunTime:0.0008s ]

[ 2017-08-24T10:44:12+08:00 ] ::1 /KMS/File/FileUpload/queryFiles?pageId=1&pageNum=12
INFO: [ app_init ] --START--
INFO: Run Behavior\BuildLiteBehavior [ RunTime:0.000037s ]
INFO: [ app_init ] --END-- [ RunTime:0.001384s ]
INFO: [ app_begin ] --START--
INFO: Run Behavior\ReadHtmlCacheBehavior [ RunTime:0.001655s ]
INFO: [ app_begin ] --END-- [ RunTime:0.001767s ]
SQL: SHOW COLUMNS FROM `file` [ RunTime:0.0104s ]
SQL: SELECT COUNT(*) AS tp_count FROM `file` WHERE `upload_by` = 'kasol' LIMIT 1   [ RunTime:0.0006s ]
SQL: SELECT * FROM `file` WHERE `upload_by` = 'kasol' LIMIT 0,12   [ RunTime:0.0007s ]

[ 2017-08-24T10:44:13+08:00 ] ::1 /KMS/File/FileUpload/queryFiles?pageId=1&pageNum=12
INFO: [ app_init ] --START--
INFO: Run Behavior\BuildLiteBehavior [ RunTime:0.000035s ]
INFO: [ app_init ] --END-- [ RunTime:0.001182s ]
INFO: [ app_begin ] --START--
INFO: Run Behavior\ReadHtmlCacheBehavior [ RunTime:0.001106s ]
INFO: [ app_begin ] --END-- [ RunTime:0.001208s ]
SQL: SHOW COLUMNS FROM `file` [ RunTime:0.0095s ]
SQL: SELECT COUNT(*) AS tp_count FROM `file` WHERE `upload_by` = 'kasol' LIMIT 1   [ RunTime:0.0006s ]
SQL: SELECT * FROM `file` WHERE `upload_by` = 'kasol' LIMIT 0,12   [ RunTime:0.0007s ]

[ 2017-08-24T10:44:22+08:00 ] ::1 /KMS/File/FileUpload/queryFiles?pageId=1&pageNum=12
INFO: [ app_init ] --START--
INFO: Run Behavior\BuildLiteBehavior [ RunTime:0.000035s ]
INFO: [ app_init ] --END-- [ RunTime:0.001548s ]
INFO: [ app_begin ] --START--
INFO: Run Behavior\ReadHtmlCacheBehavior [ RunTime:0.001910s ]
INFO: [ app_begin ] --END-- [ RunTime:0.002063s ]
SQL: SHOW COLUMNS FROM `file` [ RunTime:0.0257s ]
SQL: SELECT COUNT(*) AS tp_count FROM `file` WHERE `upload_by` = 'kasol' LIMIT 1   [ RunTime:0.0007s ]
SQL: SELECT * FROM `file` WHERE `upload_by` = 'kasol' LIMIT 0,12   [ RunTime:0.0009s ]

[ 2017-08-24T10:44:28+08:00 ] ::1 /KMS/File/FileUpload/queryFiles?pageId=2&pageNum=12
INFO: [ app_init ] --START--
INFO: Run Behavior\BuildLiteBehavior [ RunTime:0.000038s ]
INFO: [ app_init ] --END-- [ RunTime:0.001432s ]
INFO: [ app_begin ] --START--
INFO: Run Behavior\ReadHtmlCacheBehavior [ RunTime:0.001524s ]
INFO: [ app_begin ] --END-- [ RunTime:0.001668s ]
SQL: SHOW COLUMNS FROM `file` [ RunTime:0.0109s ]
SQL: SELECT COUNT(*) AS tp_count FROM `file` WHERE `upload_by` = 'kasol' LIMIT 1   [ RunTime:0.0006s ]
SQL: SELECT * FROM `file` WHERE `upload_by` = 'kasol' LIMIT 12,12   [ RunTime:0.0012s ]

[ 2017-08-24T10:45:17+08:00 ] ::1 /KMS/File/FileList/showList
INFO: [ app_init ] --START--
INFO: Run Behavior\BuildLiteBehavior [ RunTime:0.000039s ]
INFO: [ app_init ] --END-- [ RunTime:0.001508s ]
INFO: [ app_begin ] --START--
INFO: Run Behavior\ReadHtmlCacheBehavior [ RunTime:0.001719s ]
INFO: [ app_begin ] --END-- [ RunTime:0.001876s ]
SQL: SHOW COLUMNS FROM `file` [ RunTime:0.0107s ]
SQL: SELECT COUNT(*) AS tp_count FROM `file` WHERE `upload_by` = 'kasol' LIMIT 1   [ RunTime:0.0006s ]
SQL: SELECT * FROM `file` WHERE `upload_by` = 'kasol' LIMIT 0,12   [ RunTime:0.0007s ]
INFO: [ view_parse ] --START--
INFO: [ template_filter ] --START--
INFO: Run Behavior\ContentReplaceBehavior [ RunTime:0.000238s ]
INFO: [ template_filter ] --END-- [ RunTime:0.000332s ]
NOTIC: [8] Undefined variable: file_info E:\XAMPP\htdocs\KMS\APP\Runtime\Cache\File\9ff97a256eed39422615e1ad086c624c.php 第 122 行.
INFO: Run Behavior\ParseTemplateBehavior [ RunTime:0.036113s ]
INFO: [ view_parse ] --END-- [ RunTime:0.036262s ]
INFO: [ view_filter ] --START--
INFO: Run Behavior\WriteHtmlCacheBehavior [ RunTime:0.002433s ]
INFO: [ view_filter ] --END-- [ RunTime:0.002675s ]
INFO: [ app_end ] --START--
INFO: Run Behavior\ShowPageTraceBehavior [ RunTime:0.002567s ]
INFO: [ app_end ] --END-- [ RunTime:0.002719s ]

[ 2017-08-24T10:45:18+08:00 ] ::1 /KMS/File/FileUpload/queryFiles?pageId=1&pageNum=12
INFO: [ app_init ] --START--
INFO: Run Behavior\BuildLiteBehavior [ RunTime:0.000038s ]
INFO: [ app_init ] --END-- [ RunTime:0.001576s ]
INFO: [ app_begin ] --START--
INFO: Run Behavior\ReadHtmlCacheBehavior [ RunTime:0.007105s ]
INFO: [ app_begin ] --END-- [ RunTime:0.007304s ]
SQL: SHOW COLUMNS FROM `file` [ RunTime:0.0102s ]
SQL: SELECT COUNT(*) AS tp_count FROM `file` WHERE `upload_by` = 'kasol' LIMIT 1   [ RunTime:0.0009s ]
SQL: SELECT * FROM `file` WHERE `upload_by` = 'kasol' LIMIT 0,12   [ RunTime:0.0008s ]

[ 2017-08-24T10:45:47+08:00 ] ::1 /KMS/File/FileList/showList
INFO: [ app_init ] --START--
INFO: Run Behavior\BuildLiteBehavior [ RunTime:0.000028s ]
INFO: [ app_init ] --END-- [ RunTime:0.000865s ]
INFO: [ app_begin ] --START--
INFO: Run Behavior\ReadHtmlCacheBehavior [ RunTime:0.001111s ]
INFO: [ app_begin ] --END-- [ RunTime:0.001218s ]
SQL: SHOW COLUMNS FROM `file` [ RunTime:0.0094s ]
SQL: SELECT COUNT(*) AS tp_count FROM `file` WHERE `upload_by` = 'kasol' LIMIT 1   [ RunTime:0.0006s ]
SQL: SELECT * FROM `file` WHERE `upload_by` = 'kasol' LIMIT 0,12   [ RunTime:0.0007s ]
INFO: [ view_parse ] --START--
INFO: [ template_filter ] --START--
INFO: Run Behavior\ContentReplaceBehavior [ RunTime:0.000207s ]
INFO: [ template_filter ] --END-- [ RunTime:0.000298s ]
NOTIC: [8] Undefined variable: file_info E:\XAMPP\htdocs\KMS\APP\Runtime\Cache\File\9ff97a256eed39422615e1ad086c624c.php 第 122 行.
INFO: Run Behavior\ParseTemplateBehavior [ RunTime:0.024556s ]
INFO: [ view_parse ] --END-- [ RunTime:0.024685s ]
INFO: [ view_filter ] --START--
INFO: Run Behavior\WriteHtmlCacheBehavior [ RunTime:0.001856s ]
INFO: [ view_filter ] --END-- [ RunTime:0.002299s ]
INFO: [ app_end ] --START--
INFO: Run Behavior\ShowPageTraceBehavior [ RunTime:0.002532s ]
INFO: [ app_end ] --END-- [ RunTime:0.002674s ]

[ 2017-08-24T10:45:48+08:00 ] ::1 /KMS/File/FileUpload/queryFiles?pageId=1&pageNum=12
INFO: [ app_init ] --START--
INFO: Run Behavior\BuildLiteBehavior [ RunTime:0.000035s ]
INFO: [ app_init ] --END-- [ RunTime:0.001567s ]
INFO: [ app_begin ] --START--
INFO: Run Behavior\ReadHtmlCacheBehavior [ RunTime:0.007838s ]
INFO: [ app_begin ] --END-- [ RunTime:0.007986s ]
SQL: SHOW COLUMNS FROM `file` [ RunTime:0.0087s ]
SQL: SELECT COUNT(*) AS tp_count FROM `file` WHERE `upload_by` = 'kasol' LIMIT 1   [ RunTime:0.0005s ]
SQL: SELECT * FROM `file` WHERE `upload_by` = 'kasol' LIMIT 0,12   [ RunTime:0.0005s ]

[ 2017-08-24T10:47:34+08:00 ] ::1 /KMS/File/FileList/showList
INFO: [ app_init ] --START--
INFO: Run Behavior\BuildLiteBehavior [ RunTime:0.000034s ]
INFO: [ app_init ] --END-- [ RunTime:0.001450s ]
INFO: [ app_begin ] --START--
INFO: Run Behavior\ReadHtmlCacheBehavior [ RunTime:0.003230s ]
INFO: [ app_begin ] --END-- [ RunTime:0.003390s ]
SQL: SHOW COLUMNS FROM `file` [ RunTime:0.0095s ]
SQL: SELECT COUNT(*) AS tp_count FROM `file` WHERE `upload_by` = 'kasol' LIMIT 1   [ RunTime:0.0006s ]
SQL: SELECT * FROM `file` WHERE `upload_by` = 'kasol' LIMIT 0,12   [ RunTime:0.0007s ]
INFO: [ view_parse ] --START--
INFO: [ template_filter ] --START--
INFO: Run Behavior\ContentReplaceBehavior [ RunTime:0.000324s ]
INFO: [ template_filter ] --END-- [ RunTime:0.000457s ]
NOTIC: [8] Undefined variable: file_info E:\XAMPP\htdocs\KMS\APP\Runtime\Cache\File\9ff97a256eed39422615e1ad086c624c.php 第 122 行.
INFO: Run Behavior\ParseTemplateBehavior [ RunTime:0.030372s ]
INFO: [ view_parse ] --END-- [ RunTime:0.030523s ]
INFO: [ view_filter ] --START--
INFO: Run Behavior\WriteHtmlCacheBehavior [ RunTime:0.002479s ]
INFO: [ view_filter ] --END-- [ RunTime:0.002590s ]
INFO: [ app_end ] --START--
INFO: Run Behavior\ShowPageTraceBehavior [ RunTime:0.007033s ]
INFO: [ app_end ] --END-- [ RunTime:0.007170s ]

[ 2017-08-24T10:47:48+08:00 ] ::1 /KMS/File/FileUpload/queryFiles?pageId=1&pageNum=12
INFO: [ app_init ] --START--
INFO: Run Behavior\BuildLiteBehavior [ RunTime:0.000040s ]
INFO: [ app_init ] --END-- [ RunTime:0.006624s ]
INFO: [ app_begin ] --START--
INFO: Run Behavior\ReadHtmlCacheBehavior [ RunTime:0.002581s ]
INFO: [ app_begin ] --END-- [ RunTime:0.002726s ]
SQL: SHOW COLUMNS FROM `file` [ RunTime:0.0166s ]
SQL: SELECT COUNT(*) AS tp_count FROM `file` WHERE `upload_by` = 'kasol' LIMIT 1   [ RunTime:0.0010s ]
SQL: SELECT * FROM `file` WHERE `upload_by` = 'kasol' LIMIT 0,12   [ RunTime:0.0017s ]

[ 2017-08-24T10:52:34+08:00 ] ::1 /KMS/File/FileList/showList
INFO: [ app_init ] --START--
INFO: Run Behavior\BuildLiteBehavior [ RunTime:0.000023s ]
INFO: [ app_init ] --END-- [ RunTime:0.001474s ]
INFO: [ app_begin ] --START--
INFO: Run Behavior\ReadHtmlCacheBehavior [ RunTime:0.001749s ]
INFO: [ app_begin ] --END-- [ RunTime:0.001863s ]
SQL: SHOW COLUMNS FROM `file` [ RunTime:0.0121s ]
SQL: SELECT COUNT(*) AS tp_count FROM `file` WHERE `upload_by` = 'kasol' LIMIT 1   [ RunTime:0.0007s ]
SQL: SELECT * FROM `file` WHERE `upload_by` = 'kasol' LIMIT 0,12   [ RunTime:0.0005s ]
INFO: [ view_parse ] --START--
INFO: [ template_filter ] --START--
INFO: Run Behavior\ContentReplaceBehavior [ RunTime:0.000267s ]
INFO: [ template_filter ] --END-- [ RunTime:0.000384s ]
NOTIC: [8] Undefined variable: file_info E:\XAMPP\htdocs\KMS\APP\Runtime\Cache\File\9ff97a256eed39422615e1ad086c624c.php 第 122 行.
INFO: Run Behavior\ParseTemplateBehavior [ RunTime:0.028042s ]
INFO: [ view_parse ] --END-- [ RunTime:0.028139s ]
INFO: [ view_filter ] --START--
INFO: Run Behavior\WriteHtmlCacheBehavior [ RunTime:0.001444s ]
INFO: [ view_filter ] --END-- [ RunTime:0.001546s ]
INFO: [ app_end ] --START--
INFO: Run Behavior\ShowPageTraceBehavior [ RunTime:0.003057s ]
INFO: [ app_end ] --END-- [ RunTime:0.003274s ]

[ 2017-08-24T10:52:38+08:00 ] ::1 /KMS/File/FileUpload/queryFiles?pageId=1&pageNum=12
INFO: [ app_init ] --START--
INFO: Run Behavior\BuildLiteBehavior [ RunTime:0.000036s ]
INFO: [ app_init ] --END-- [ RunTime:0.006604s ]
INFO: [ app_begin ] --START--
INFO: Run Behavior\ReadHtmlCacheBehavior [ RunTime:0.003442s ]
INFO: [ app_begin ] --END-- [ RunTime:0.003888s ]
SQL: SHOW COLUMNS FROM `file` [ RunTime:0.0264s ]
SQL: SELECT COUNT(*) AS tp_count FROM `file` WHERE `upload_by` = 'kasol' LIMIT 1   [ RunTime:0.0029s ]
SQL: SELECT * FROM `file` WHERE `upload_by` = 'kasol' LIMIT 0,12   [ RunTime:0.0009s ]

[ 2017-08-24T10:52:40+08:00 ] ::1 /KMS/File/FileUpload/queryFiles?pageId=1&pageNum=12
INFO: [ app_init ] --START--
INFO: Run Behavior\BuildLiteBehavior [ RunTime:0.000023s ]
INFO: [ app_init ] --END-- [ RunTime:0.000807s ]
INFO: [ app_begin ] --START--
INFO: Run Behavior\ReadHtmlCacheBehavior [ RunTime:0.000944s ]
INFO: [ app_begin ] --END-- [ RunTime:0.001018s ]
SQL: SHOW COLUMNS FROM `file` [ RunTime:0.0216s ]
SQL: SELECT COUNT(*) AS tp_count FROM `file` WHERE `upload_by` = 'kasol' LIMIT 1   [ RunTime:0.0005s ]
SQL: SELECT * FROM `file` WHERE `upload_by` = 'kasol' LIMIT 0,12   [ RunTime:0.0006s ]

[ 2017-08-24T10:52:42+08:00 ] ::1 /KMS/File/FileUpload/queryFiles?pageId=2&pageNum=12
INFO: [ app_init ] --START--
INFO: Run Behavior\BuildLiteBehavior [ RunTime:0.000037s ]
INFO: [ app_init ] --END-- [ RunTime:0.001325s ]
INFO: [ app_begin ] --START--
INFO: Run Behavior\ReadHtmlCacheBehavior [ RunTime:0.001591s ]
INFO: [ app_begin ] --END-- [ RunTime:0.001728s ]
SQL: SHOW COLUMNS FROM `file` [ RunTime:0.0095s ]
SQL: SELECT COUNT(*) AS tp_count FROM `file` WHERE `upload_by` = 'kasol' LIMIT 1   [ RunTime:0.0011s ]
SQL: SELECT * FROM `file` WHERE `upload_by` = 'kasol' LIMIT 12,12   [ RunTime:0.0007s ]

[ 2017-08-24T10:52:46+08:00 ] ::1 /KMS/File/FileUpload/queryFiles?pageId=1&pageNum=12
INFO: [ app_init ] --START--
INFO: Run Behavior\BuildLiteBehavior [ RunTime:0.000033s ]
INFO: [ app_init ] --END-- [ RunTime:0.001152s ]
INFO: [ app_begin ] --START--
INFO: Run Behavior\ReadHtmlCacheBehavior [ RunTime:0.001067s ]
INFO: [ app_begin ] --END-- [ RunTime:0.001158s ]
SQL: SHOW COLUMNS FROM `file` [ RunTime:0.0085s ]
SQL: SELECT COUNT(*) AS tp_count FROM `file` WHERE `upload_by` = 'kasol' LIMIT 1   [ RunTime:0.0006s ]
SQL: SELECT * FROM `file` WHERE `upload_by` = 'kasol' LIMIT 0,12   [ RunTime:0.0008s ]

[ 2017-08-24T10:55:24+08:00 ] ::1 /KMS/File/FileList/showList
INFO: [ app_init ] --START--
INFO: Run Behavior\BuildLiteBehavior [ RunTime:0.000028s ]
INFO: [ app_init ] --END-- [ RunTime:0.001168s ]
INFO: [ app_begin ] --START--
INFO: Run Behavior\ReadHtmlCacheBehavior [ RunTime:0.002489s ]
INFO: [ app_begin ] --END-- [ RunTime:0.002646s ]
SQL: SHOW COLUMNS FROM `file` [ RunTime:0.0084s ]
SQL: SELECT COUNT(*) AS tp_count FROM `file` WHERE `upload_by` = 'kasol' LIMIT 1   [ RunTime:0.0005s ]
SQL: SELECT * FROM `file` WHERE `upload_by` = 'kasol' LIMIT 0,12   [ RunTime:0.0006s ]
INFO: [ view_parse ] --START--
INFO: [ template_filter ] --START--
INFO: Run Behavior\ContentReplaceBehavior [ RunTime:0.000210s ]
INFO: [ template_filter ] --END-- [ RunTime:0.000320s ]
NOTIC: [8] Undefined variable: file_info E:\XAMPP\htdocs\KMS\APP\Runtime\Cache\File\9ff97a256eed39422615e1ad086c624c.php 第 122 行.
INFO: Run Behavior\ParseTemplateBehavior [ RunTime:0.031380s ]
INFO: [ view_parse ] --END-- [ RunTime:0.031584s ]
INFO: [ view_filter ] --START--
INFO: Run Behavior\WriteHtmlCacheBehavior [ RunTime:0.001589s ]
INFO: [ view_filter ] --END-- [ RunTime:0.001736s ]
INFO: [ app_end ] --START--
INFO: Run Behavior\ShowPageTraceBehavior [ RunTime:0.001962s ]
INFO: [ app_end ] --END-- [ RunTime:0.002077s ]

[ 2017-08-24T10:55:25+08:00 ] ::1 /KMS/File/FileUpload/queryFiles?pageId=1&pageNum=12
INFO: [ app_init ] --START--
INFO: Run Behavior\BuildLiteBehavior [ RunTime:0.000037s ]
INFO: [ app_init ] --END-- [ RunTime:0.001298s ]
INFO: [ app_begin ] --START--
INFO: Run Behavior\ReadHtmlCacheBehavior [ RunTime:0.001729s ]
INFO: [ app_begin ] --END-- [ RunTime:0.001870s ]
SQL: SHOW COLUMNS FROM `file` [ RunTime:0.0103s ]
SQL: SELECT COUNT(*) AS tp_count FROM `file` WHERE `upload_by` = 'kasol' LIMIT 1   [ RunTime:0.0005s ]
SQL: SELECT * FROM `file` WHERE `upload_by` = 'kasol' LIMIT 0,12   [ RunTime:0.0006s ]

[ 2017-08-24T10:57:47+08:00 ] ::1 /KMS/File/FileList/showList
INFO: [ app_init ] --START--
INFO: Run Behavior\BuildLiteBehavior [ RunTime:0.000037s ]
INFO: [ app_init ] --END-- [ RunTime:0.002131s ]
INFO: [ app_begin ] --START--
INFO: Run Behavior\ReadHtmlCacheBehavior [ RunTime:0.003491s ]
INFO: [ app_begin ] --END-- [ RunTime:0.003652s ]
SQL: SHOW COLUMNS FROM `file` [ RunTime:0.0082s ]
SQL: SELECT COUNT(*) AS tp_count FROM `file` WHERE `upload_by` = 'kasol' LIMIT 1   [ RunTime:0.0005s ]
SQL: SELECT * FROM `file` WHERE `upload_by` = 'kasol' LIMIT 0,12   [ RunTime:0.0005s ]
INFO: [ view_parse ] --START--
INFO: [ template_filter ] --START--
INFO: Run Behavior\ContentReplaceBehavior [ RunTime:0.000314s ]
INFO: [ template_filter ] --END-- [ RunTime:0.000446s ]
NOTIC: [8] Undefined variable: file_info E:\XAMPP\htdocs\KMS\APP\Runtime\Cache\File\9ff97a256eed39422615e1ad086c624c.php 第 122 行.
INFO: Run Behavior\ParseTemplateBehavior [ RunTime:0.028871s ]
INFO: [ view_parse ] --END-- [ RunTime:0.029002s ]
INFO: [ view_filter ] --START--
INFO: Run Behavior\WriteHtmlCacheBehavior [ RunTime:0.001525s ]
INFO: [ view_filter ] --END-- [ RunTime:0.001642s ]
INFO: [ app_end ] --START--
INFO: Run Behavior\ShowPageTraceBehavior [ RunTime:0.002683s ]
INFO: [ app_end ] --END-- [ RunTime:0.002988s ]

[ 2017-08-24T10:57:48+08:00 ] ::1 /KMS/File/FileUpload/queryFiles?pageId=1&pageNum=12
INFO: [ app_init ] --START--
INFO: Run Behavior\BuildLiteBehavior [ RunTime:0.000039s ]
INFO: [ app_init ] --END-- [ RunTime:0.003229s ]
INFO: [ app_begin ] --START--
INFO: Run Behavior\ReadHtmlCacheBehavior [ RunTime:0.002875s ]
INFO: [ app_begin ] --END-- [ RunTime:0.003019s ]
SQL: SHOW COLUMNS FROM `file` [ RunTime:0.0152s ]
SQL: SELECT COUNT(*) AS tp_count FROM `file` WHERE `upload_by` = 'kasol' LIMIT 1   [ RunTime:0.0005s ]
SQL: SELECT * FROM `file` WHERE `upload_by` = 'kasol' LIMIT 0,12   [ RunTime:0.0005s ]

[ 2017-08-24T10:57:54+08:00 ] ::1 /KMS/File/FileUpload/queryFiles?pageId=2&pageNum=12
INFO: [ app_init ] --START--
INFO: Run Behavior\BuildLiteBehavior [ RunTime:0.000031s ]
INFO: [ app_init ] --END-- [ RunTime:0.000942s ]
INFO: [ app_begin ] --START--
INFO: Run Behavior\ReadHtmlCacheBehavior [ RunTime:0.001220s ]
INFO: [ app_begin ] --END-- [ RunTime:0.001352s ]
SQL: SHOW COLUMNS FROM `file` [ RunTime:0.0084s ]
SQL: SELECT COUNT(*) AS tp_count FROM `file` WHERE `upload_by` = 'kasol' LIMIT 1   [ RunTime:0.0004s ]
SQL: SELECT * FROM `file` WHERE `upload_by` = 'kasol' LIMIT 12,12   [ RunTime:0.0004s ]

[ 2017-08-24T11:00:23+08:00 ] ::1 /KMS/File/FileList/showList
INFO: [ app_init ] --START--
INFO: Run Behavior\BuildLiteBehavior [ RunTime:0.000024s ]
INFO: [ app_init ] --END-- [ RunTime:0.001074s ]
INFO: [ app_begin ] --START--
INFO: Run Behavior\ReadHtmlCacheBehavior [ RunTime:0.002577s ]
INFO: [ app_begin ] --END-- [ RunTime:0.002730s ]
SQL: SHOW COLUMNS FROM `file` [ RunTime:0.0090s ]
SQL: SELECT COUNT(*) AS tp_count FROM `file` WHERE `upload_by` = 'kasol' LIMIT 1   [ RunTime:0.0006s ]
SQL: SELECT * FROM `file` WHERE `upload_by` = 'kasol' LIMIT 0,12   [ RunTime:0.0005s ]
INFO: [ view_parse ] --START--
INFO: [ template_filter ] --START--
INFO: Run Behavior\ContentReplaceBehavior [ RunTime:0.000197s ]
INFO: [ template_filter ] --END-- [ RunTime:0.000287s ]
NOTIC: [8] Undefined variable: file_info E:\XAMPP\htdocs\KMS\APP\Runtime\Cache\File\9ff97a256eed39422615e1ad086c624c.php 第 122 行.
INFO: Run Behavior\ParseTemplateBehavior [ RunTime:0.026946s ]
INFO: [ view_parse ] --END-- [ RunTime:0.027066s ]
INFO: [ view_filter ] --START--
INFO: Run Behavior\WriteHtmlCacheBehavior [ RunTime:0.002074s ]
INFO: [ view_filter ] --END-- [ RunTime:0.002193s ]
INFO: [ app_end ] --START--
INFO: Run Behavior\ShowPageTraceBehavior [ RunTime:0.002694s ]
INFO: [ app_end ] --END-- [ RunTime:0.002843s ]

[ 2017-08-24T11:00:24+08:00 ] ::1 /KMS/File/FileUpload/queryFiles?pageId=1&pageNum=12
INFO: [ app_init ] --START--
INFO: Run Behavior\BuildLiteBehavior [ RunTime:0.000028s ]
INFO: [ app_init ] --END-- [ RunTime:0.001411s ]
INFO: [ app_begin ] --START--
INFO: Run Behavior\ReadHtmlCacheBehavior [ RunTime:0.002490s ]
INFO: [ app_begin ] --END-- [ RunTime:0.002618s ]
SQL: SHOW COLUMNS FROM `file` [ RunTime:0.0102s ]
SQL: SELECT COUNT(*) AS tp_count FROM `file` WHERE `upload_by` = 'kasol' LIMIT 1   [ RunTime:0.0005s ]
SQL: SELECT * FROM `file` WHERE `upload_by` = 'kasol' LIMIT 0,12   [ RunTime:0.0007s ]

[ 2017-08-24T11:00:26+08:00 ] ::1 /KMS/File/FileUpload/queryFiles?pageId=2&pageNum=12
INFO: [ app_init ] --START--
INFO: Run Behavior\BuildLiteBehavior [ RunTime:0.000037s ]
INFO: [ app_init ] --END-- [ RunTime:0.001331s ]
INFO: [ app_begin ] --START--
INFO: Run Behavior\ReadHtmlCacheBehavior [ RunTime:0.001414s ]
INFO: [ app_begin ] --END-- [ RunTime:0.001542s ]
SQL: SHOW COLUMNS FROM `file` [ RunTime:0.0097s ]
SQL: SELECT COUNT(*) AS tp_count FROM `file` WHERE `upload_by` = 'kasol' LIMIT 1   [ RunTime:0.0005s ]
SQL: SELECT * FROM `file` WHERE `upload_by` = 'kasol' LIMIT 12,12   [ RunTime:0.0006s ]

[ 2017-08-24T11:00:28+08:00 ] ::1 /KMS/File/FileUpload/queryFiles?pageId=1&pageNum=12
INFO: [ app_init ] --START--
INFO: Run Behavior\BuildLiteBehavior [ RunTime:0.000022s ]
INFO: [ app_init ] --END-- [ RunTime:0.000766s ]
INFO: [ app_begin ] --START--
INFO: Run Behavior\ReadHtmlCacheBehavior [ RunTime:0.001022s ]
INFO: [ app_begin ] --END-- [ RunTime:0.001140s ]
SQL: SHOW COLUMNS FROM `file` [ RunTime:0.0079s ]
SQL: SELECT COUNT(*) AS tp_count FROM `file` WHERE `upload_by` = 'kasol' LIMIT 1   [ RunTime:0.0007s ]
SQL: SELECT * FROM `file` WHERE `upload_by` = 'kasol' LIMIT 0,12   [ RunTime:0.0009s ]

[ 2017-08-24T11:00:29+08:00 ] ::1 /KMS/File/FileUpload/queryFiles?pageId=2&pageNum=12
INFO: [ app_init ] --START--
INFO: Run Behavior\BuildLiteBehavior [ RunTime:0.000060s ]
INFO: [ app_init ] --END-- [ RunTime:0.001582s ]
INFO: [ app_begin ] --START--
INFO: Run Behavior\ReadHtmlCacheBehavior [ RunTime:0.001630s ]
INFO: [ app_begin ] --END-- [ RunTime:0.001743s ]
SQL: SHOW COLUMNS FROM `file` [ RunTime:0.0089s ]
SQL: SELECT COUNT(*) AS tp_count FROM `file` WHERE `upload_by` = 'kasol' LIMIT 1   [ RunTime:0.0004s ]
SQL: SELECT * FROM `file` WHERE `upload_by` = 'kasol' LIMIT 12,12   [ RunTime:0.0004s ]

[ 2017-08-24T11:00:31+08:00 ] ::1 /KMS/File/FileUpload/queryFiles?pageId=1&pageNum=12
INFO: [ app_init ] --START--
INFO: Run Behavior\BuildLiteBehavior [ RunTime:0.000037s ]
INFO: [ app_init ] --END-- [ RunTime:0.001480s ]
INFO: [ app_begin ] --START--
INFO: Run Behavior\ReadHtmlCacheBehavior [ RunTime:0.002625s ]
INFO: [ app_begin ] --END-- [ RunTime:0.003399s ]
SQL: SHOW COLUMNS FROM `file` [ RunTime:0.0099s ]
SQL: SELECT COUNT(*) AS tp_count FROM `file` WHERE `upload_by` = 'kasol' LIMIT 1   [ RunTime:0.0006s ]
SQL: SELECT * FROM `file` WHERE `upload_by` = 'kasol' LIMIT 0,12   [ RunTime:0.0008s ]

[ 2017-08-24T11:00:33+08:00 ] ::1 /KMS/File/FileUpload/queryFiles?pageId=2&pageNum=12
INFO: [ app_init ] --START--
INFO: Run Behavior\BuildLiteBehavior [ RunTime:0.000037s ]
INFO: [ app_init ] --END-- [ RunTime:0.001919s ]
INFO: [ app_begin ] --START--
INFO: Run Behavior\ReadHtmlCacheBehavior [ RunTime:0.001726s ]
INFO: [ app_begin ] --END-- [ RunTime:0.001872s ]
SQL: SHOW COLUMNS FROM `file` [ RunTime:0.0091s ]
SQL: SELECT COUNT(*) AS tp_count FROM `file` WHERE `upload_by` = 'kasol' LIMIT 1   [ RunTime:0.0006s ]
SQL: SELECT * FROM `file` WHERE `upload_by` = 'kasol' LIMIT 12,12   [ RunTime:0.0006s ]

[ 2017-08-24T11:00:36+08:00 ] ::1 /KMS/File/FileUpload/queryFiles?pageId=1&pageNum=12
INFO: [ app_init ] --START--
INFO: Run Behavior\BuildLiteBehavior [ RunTime:0.000036s ]
INFO: [ app_init ] --END-- [ RunTime:0.001154s ]
INFO: [ app_begin ] --START--
INFO: Run Behavior\ReadHtmlCacheBehavior [ RunTime:0.002666s ]
INFO: [ app_begin ] --END-- [ RunTime:0.002804s ]
SQL: SHOW COLUMNS FROM `file` [ RunTime:0.0095s ]
SQL: SELECT COUNT(*) AS tp_count FROM `file` WHERE `upload_by` = 'kasol' LIMIT 1   [ RunTime:0.0005s ]
SQL: SELECT * FROM `file` WHERE `upload_by` = 'kasol' LIMIT 0,12   [ RunTime:0.0007s ]

[ 2017-08-24T11:00:38+08:00 ] ::1 /KMS/File/FileUpload/queryFiles?pageId=2&pageNum=12
INFO: [ app_init ] --START--
INFO: Run Behavior\BuildLiteBehavior [ RunTime:0.000023s ]
INFO: [ app_init ] --END-- [ RunTime:0.000913s ]
INFO: [ app_begin ] --START--
INFO: Run Behavior\ReadHtmlCacheBehavior [ RunTime:0.001018s ]
INFO: [ app_begin ] --END-- [ RunTime:0.001100s ]
SQL: SHOW COLUMNS FROM `file` [ RunTime:0.0337s ]
SQL: SELECT COUNT(*) AS tp_count FROM `file` WHERE `upload_by` = 'kasol' LIMIT 1   [ RunTime:0.0005s ]
SQL: SELECT * FROM `file` WHERE `upload_by` = 'kasol' LIMIT 12,12   [ RunTime:0.0007s ]

[ 2017-08-24T11:00:40+08:00 ] ::1 /KMS/File/FileUpload/queryFiles?pageId=1&pageNum=12
INFO: [ app_init ] --START--
INFO: Run Behavior\BuildLiteBehavior [ RunTime:0.000023s ]
INFO: [ app_init ] --END-- [ RunTime:0.001004s ]
INFO: [ app_begin ] --START--
INFO: Run Behavior\ReadHtmlCacheBehavior [ RunTime:0.002309s ]
INFO: [ app_begin ] --END-- [ RunTime:0.002454s ]
SQL: SHOW COLUMNS FROM `file` [ RunTime:0.0094s ]
SQL: SELECT COUNT(*) AS tp_count FROM `file` WHERE `upload_by` = 'kasol' LIMIT 1   [ RunTime:0.0005s ]
SQL: SELECT * FROM `file` WHERE `upload_by` = 'kasol' LIMIT 0,12   [ RunTime:0.0008s ]

[ 2017-08-24T11:02:44+08:00 ] ::1 /KMS/File/FileUpload/queryFiles?pageId=2&pageNum=12
INFO: [ app_init ] --START--
INFO: Run Behavior\BuildLiteBehavior [ RunTime:0.000085s ]
INFO: [ app_init ] --END-- [ RunTime:0.002933s ]
INFO: [ app_begin ] --START--
INFO: Run Behavior\ReadHtmlCacheBehavior [ RunTime:0.002668s ]
INFO: [ app_begin ] --END-- [ RunTime:0.002819s ]
SQL: SHOW COLUMNS FROM `file` [ RunTime:0.0615s ]
SQL: SELECT COUNT(*) AS tp_count FROM `file` WHERE `upload_by` = 'kasol' LIMIT 1   [ RunTime:0.0006s ]
SQL: SELECT * FROM `file` WHERE `upload_by` = 'kasol' LIMIT 12,12   [ RunTime:0.0005s ]

[ 2017-08-24T11:02:45+08:00 ] ::1 /KMS/File/FileUpload/queryFiles?pageId=1&pageNum=12
INFO: [ app_init ] --START--
INFO: Run Behavior\BuildLiteBehavior [ RunTime:0.000036s ]
INFO: [ app_init ] --END-- [ RunTime:0.001451s ]
INFO: [ app_begin ] --START--
INFO: Run Behavior\ReadHtmlCacheBehavior [ RunTime:0.001981s ]
INFO: [ app_begin ] --END-- [ RunTime:0.002110s ]
SQL: SHOW COLUMNS FROM `file` [ RunTime:0.0093s ]
SQL: SELECT COUNT(*) AS tp_count FROM `file` WHERE `upload_by` = 'kasol' LIMIT 1   [ RunTime:0.0004s ]
SQL: SELECT * FROM `file` WHERE `upload_by` = 'kasol' LIMIT 0,12   [ RunTime:0.0005s ]

[ 2017-08-24T11:02:46+08:00 ] ::1 /KMS/File/FileUpload/queryFiles?pageId=2&pageNum=12
INFO: [ app_init ] --START--
INFO: Run Behavior\BuildLiteBehavior [ RunTime:0.000039s ]
INFO: [ app_init ] --END-- [ RunTime:0.001598s ]
INFO: [ app_begin ] --START--
INFO: Run Behavior\ReadHtmlCacheBehavior [ RunTime:0.002021s ]
INFO: [ app_begin ] --END-- [ RunTime:0.002189s ]
SQL: SHOW COLUMNS FROM `file` [ RunTime:0.0097s ]
SQL: SELECT COUNT(*) AS tp_count FROM `file` WHERE `upload_by` = 'kasol' LIMIT 1   [ RunTime:0.0005s ]
SQL: SELECT * FROM `file` WHERE `upload_by` = 'kasol' LIMIT 12,12   [ RunTime:0.0005s ]

[ 2017-08-24T11:02:48+08:00 ] ::1 /KMS/File/FileUpload/queryFiles?pageId=1&pageNum=12
INFO: [ app_init ] --START--
INFO: Run Behavior\BuildLiteBehavior [ RunTime:0.000102s ]
INFO: [ app_init ] --END-- [ RunTime:0.001410s ]
INFO: [ app_begin ] --START--
INFO: Run Behavior\ReadHtmlCacheBehavior [ RunTime:0.001660s ]
INFO: [ app_begin ] --END-- [ RunTime:0.001802s ]
SQL: SHOW COLUMNS FROM `file` [ RunTime:0.0092s ]
SQL: SELECT COUNT(*) AS tp_count FROM `file` WHERE `upload_by` = 'kasol' LIMIT 1   [ RunTime:0.0007s ]
SQL: SELECT * FROM `file` WHERE `upload_by` = 'kasol' LIMIT 0,12   [ RunTime:0.0008s ]

[ 2017-08-24T11:02:49+08:00 ] ::1 /KMS/File/FileUpload/queryFiles?pageId=2&pageNum=12
INFO: [ app_init ] --START--
INFO: Run Behavior\BuildLiteBehavior [ RunTime:0.000045s ]
INFO: [ app_init ] --END-- [ RunTime:0.001524s ]
INFO: [ app_begin ] --START--
INFO: Run Behavior\ReadHtmlCacheBehavior [ RunTime:0.002028s ]
INFO: [ app_begin ] --END-- [ RunTime:0.002239s ]
SQL: SHOW COLUMNS FROM `file` [ RunTime:0.0092s ]
SQL: SELECT COUNT(*) AS tp_count FROM `file` WHERE `upload_by` = 'kasol' LIMIT 1   [ RunTime:0.0005s ]
SQL: SELECT * FROM `file` WHERE `upload_by` = 'kasol' LIMIT 12,12   [ RunTime:0.0005s ]

[ 2017-08-24T11:02:57+08:00 ] ::1 /KMS/File/FileUpload/queryFiles?pageId=1&pageNum=12
INFO: [ app_init ] --START--
INFO: Run Behavior\BuildLiteBehavior [ RunTime:0.000089s ]
INFO: [ app_init ] --END-- [ RunTime:0.001256s ]
INFO: [ app_begin ] --START--
INFO: Run Behavior\ReadHtmlCacheBehavior [ RunTime:0.001495s ]
INFO: [ app_begin ] --END-- [ RunTime:0.001614s ]
SQL: SHOW COLUMNS FROM `file` [ RunTime:0.0083s ]
SQL: SELECT COUNT(*) AS tp_count FROM `file` WHERE `upload_by` = 'kasol' LIMIT 1   [ RunTime:0.0008s ]
SQL: SELECT * FROM `file` WHERE `upload_by` = 'kasol' LIMIT 0,12   [ RunTime:0.0007s ]

[ 2017-08-24T11:02:59+08:00 ] ::1 /KMS/File/FileUpload/queryFiles?pageId=2&pageNum=12
INFO: [ app_init ] --START--
INFO: Run Behavior\BuildLiteBehavior [ RunTime:0.000033s ]
INFO: [ app_init ] --END-- [ RunTime:0.001394s ]
INFO: [ app_begin ] --START--
INFO: Run Behavior\ReadHtmlCacheBehavior [ RunTime:0.001614s ]
INFO: [ app_begin ] --END-- [ RunTime:0.001757s ]
SQL: SHOW COLUMNS FROM `file` [ RunTime:0.0126s ]
SQL: SELECT COUNT(*) AS tp_count FROM `file` WHERE `upload_by` = 'kasol' LIMIT 1   [ RunTime:0.0005s ]
SQL: SELECT * FROM `file` WHERE `upload_by` = 'kasol' LIMIT 12,12   [ RunTime:0.0005s ]

[ 2017-08-24T11:03:00+08:00 ] ::1 /KMS/File/FileUpload/queryFiles?pageId=1&pageNum=12
INFO: [ app_init ] --START--
INFO: Run Behavior\BuildLiteBehavior [ RunTime:0.000062s ]
INFO: [ app_init ] --END-- [ RunTime:0.001398s ]
INFO: [ app_begin ] --START--
INFO: Run Behavior\ReadHtmlCacheBehavior [ RunTime:0.001740s ]
INFO: [ app_begin ] --END-- [ RunTime:0.001895s ]
SQL: SHOW COLUMNS FROM `file` [ RunTime:0.0098s ]
SQL: SELECT COUNT(*) AS tp_count FROM `file` WHERE `upload_by` = 'kasol' LIMIT 1   [ RunTime:0.0006s ]
SQL: SELECT * FROM `file` WHERE `upload_by` = 'kasol' LIMIT 0,12   [ RunTime:0.0007s ]

[ 2017-08-24T11:03:01+08:00 ] ::1 /KMS/File/FileUpload/queryFiles?pageId=2&pageNum=12
INFO: [ app_init ] --START--
INFO: Run Behavior\BuildLiteBehavior [ RunTime:0.000036s ]
INFO: [ app_init ] --END-- [ RunTime:0.001283s ]
INFO: [ app_begin ] --START--
INFO: Run Behavior\ReadHtmlCacheBehavior [ RunTime:0.002352s ]
INFO: [ app_begin ] --END-- [ RunTime:0.002518s ]
SQL: SHOW COLUMNS FROM `file` [ RunTime:0.0107s ]
SQL: SELECT COUNT(*) AS tp_count FROM `file` WHERE `upload_by` = 'kasol' LIMIT 1   [ RunTime:0.0006s ]
SQL: SELECT * FROM `file` WHERE `upload_by` = 'kasol' LIMIT 12,12   [ RunTime:0.0005s ]

[ 2017-08-24T11:03:06+08:00 ] ::1 /KMS/File/FileUpload/queryFiles?pageId=1&pageNum=12
INFO: [ app_init ] --START--
INFO: Run Behavior\BuildLiteBehavior [ RunTime:0.000038s ]
INFO: [ app_init ] --END-- [ RunTime:0.001342s ]
INFO: [ app_begin ] --START--
INFO: Run Behavior\ReadHtmlCacheBehavior [ RunTime:0.001549s ]
INFO: [ app_begin ] --END-- [ RunTime:0.001700s ]
SQL: SHOW COLUMNS FROM `file` [ RunTime:0.0314s ]
SQL: SELECT COUNT(*) AS tp_count FROM `file` WHERE `upload_by` = 'kasol' LIMIT 1   [ RunTime:0.0005s ]
SQL: SELECT * FROM `file` WHERE `upload_by` = 'kasol' LIMIT 0,12   [ RunTime:0.0007s ]

[ 2017-08-24T11:03:18+08:00 ] ::1 /KMS/File/FileList/showList
INFO: [ app_init ] --START--
INFO: Run Behavior\BuildLiteBehavior [ RunTime:0.000036s ]
INFO: [ app_init ] --END-- [ RunTime:0.001106s ]
INFO: [ app_begin ] --START--
INFO: Run Behavior\ReadHtmlCacheBehavior [ RunTime:0.001539s ]
INFO: [ app_begin ] --END-- [ RunTime:0.001693s ]
SQL: SHOW COLUMNS FROM `file` [ RunTime:0.0105s ]
SQL: SELECT COUNT(*) AS tp_count FROM `file` WHERE `upload_by` = 'kasol' LIMIT 1   [ RunTime:0.0005s ]
SQL: SELECT * FROM `file` WHERE `upload_by` = 'kasol' LIMIT 0,12   [ RunTime:0.0007s ]
INFO: [ view_parse ] --START--
INFO: [ template_filter ] --START--
INFO: Run Behavior\ContentReplaceBehavior [ RunTime:0.000311s ]
INFO: [ template_filter ] --END-- [ RunTime:0.000453s ]
NOTIC: [8] Undefined variable: file_info E:\XAMPP\htdocs\KMS\APP\Runtime\Cache\File\9ff97a256eed39422615e1ad086c624c.php 第 122 行.
INFO: Run Behavior\ParseTemplateBehavior [ RunTime:0.030598s ]
INFO: [ view_parse ] --END-- [ RunTime:0.030720s ]
INFO: [ view_filter ] --START--
INFO: Run Behavior\WriteHtmlCacheBehavior [ RunTime:0.001299s ]
INFO: [ view_filter ] --END-- [ RunTime:0.001404s ]
INFO: [ app_end ] --START--
INFO: Run Behavior\ShowPageTraceBehavior [ RunTime:0.003486s ]
INFO: [ app_end ] --END-- [ RunTime:0.003626s ]

[ 2017-08-24T11:03:19+08:00 ] ::1 /KMS/File/FileUpload/queryFiles?pageId=1&pageNum=12
INFO: [ app_init ] --START--
INFO: Run Behavior\BuildLiteBehavior [ RunTime:0.000037s ]
INFO: [ app_init ] --END-- [ RunTime:0.001646s ]
INFO: [ app_begin ] --START--
INFO: Run Behavior\ReadHtmlCacheBehavior [ RunTime:0.002592s ]
INFO: [ app_begin ] --END-- [ RunTime:0.002751s ]
SQL: SHOW COLUMNS FROM `file` [ RunTime:0.0120s ]
SQL: SELECT COUNT(*) AS tp_count FROM `file` WHERE `upload_by` = 'kasol' LIMIT 1   [ RunTime:0.0006s ]
SQL: SELECT * FROM `file` WHERE `upload_by` = 'kasol' LIMIT 0,12   [ RunTime:0.0007s ]

[ 2017-08-24T11:03:21+08:00 ] ::1 /KMS/File/FileUpload/queryFiles?pageId=1&pageNum=12
INFO: [ app_init ] --START--
INFO: Run Behavior\BuildLiteBehavior [ RunTime:0.000022s ]
INFO: [ app_init ] --END-- [ RunTime:0.000815s ]
INFO: [ app_begin ] --START--
INFO: Run Behavior\ReadHtmlCacheBehavior [ RunTime:0.000931s ]
INFO: [ app_begin ] --END-- [ RunTime:0.001031s ]
SQL: SHOW COLUMNS FROM `file` [ RunTime:0.0305s ]
SQL: SELECT COUNT(*) AS tp_count FROM `file` WHERE `upload_by` = 'kasol' LIMIT 1   [ RunTime:0.0004s ]
SQL: SELECT * FROM `file` WHERE `upload_by` = 'kasol' LIMIT 0,12   [ RunTime:0.0005s ]

[ 2017-08-24T11:03:22+08:00 ] ::1 /KMS/File/FileUpload/queryFiles?pageId=2&pageNum=12
INFO: [ app_init ] --START--
INFO: Run Behavior\BuildLiteBehavior [ RunTime:0.000030s ]
INFO: [ app_init ] --END-- [ RunTime:0.001337s ]
INFO: [ app_begin ] --START--
INFO: Run Behavior\ReadHtmlCacheBehavior [ RunTime:0.001531s ]
INFO: [ app_begin ] --END-- [ RunTime:0.001660s ]
SQL: SHOW COLUMNS FROM `file` [ RunTime:0.0244s ]
SQL: SELECT COUNT(*) AS tp_count FROM `file` WHERE `upload_by` = 'kasol' LIMIT 1   [ RunTime:0.0008s ]
SQL: SELECT * FROM `file` WHERE `upload_by` = 'kasol' LIMIT 12,12   [ RunTime:0.0005s ]

[ 2017-08-24T11:03:24+08:00 ] ::1 /KMS/File/FileUpload/queryFiles?pageId=1&pageNum=12
INFO: [ app_init ] --START--
INFO: Run Behavior\BuildLiteBehavior [ RunTime:0.000034s ]
INFO: [ app_init ] --END-- [ RunTime:0.001137s ]
INFO: [ app_begin ] --START--
INFO: Run Behavior\ReadHtmlCacheBehavior [ RunTime:0.001445s ]
INFO: [ app_begin ] --END-- [ RunTime:0.001579s ]
SQL: SHOW COLUMNS FROM `file` [ RunTime:0.0101s ]
SQL: SELECT COUNT(*) AS tp_count FROM `file` WHERE `upload_by` = 'kasol' LIMIT 1   [ RunTime:0.0005s ]
SQL: SELECT * FROM `file` WHERE `upload_by` = 'kasol' LIMIT 0,12   [ RunTime:0.0007s ]

[ 2017-08-24T11:03:25+08:00 ] ::1 /KMS/File/FileUpload/queryFiles?pageId=2&pageNum=12
INFO: [ app_init ] --START--
INFO: Run Behavior\BuildLiteBehavior [ RunTime:0.000038s ]
INFO: [ app_init ] --END-- [ RunTime:0.001534s ]
INFO: [ app_begin ] --START--
INFO: Run Behavior\ReadHtmlCacheBehavior [ RunTime:0.001602s ]
INFO: [ app_begin ] --END-- [ RunTime:0.001741s ]
SQL: SHOW COLUMNS FROM `file` [ RunTime:0.0096s ]
SQL: SELECT COUNT(*) AS tp_count FROM `file` WHERE `upload_by` = 'kasol' LIMIT 1   [ RunTime:0.0005s ]
SQL: SELECT * FROM `file` WHERE `upload_by` = 'kasol' LIMIT 12,12   [ RunTime:0.0006s ]

[ 2017-08-24T11:10:26+08:00 ] ::1 /KMS/File/FileUpload/queryFiles?pageId=1&pageNum=12
INFO: [ app_init ] --START--
INFO: Run Behavior\BuildLiteBehavior [ RunTime:0.000044s ]
INFO: [ app_init ] --END-- [ RunTime:0.008249s ]
INFO: [ app_begin ] --START--
INFO: Run Behavior\ReadHtmlCacheBehavior [ RunTime:0.002845s ]
INFO: [ app_begin ] --END-- [ RunTime:0.002987s ]
SQL: SHOW COLUMNS FROM `file` [ RunTime:0.0116s ]
SQL: SELECT COUNT(*) AS tp_count FROM `file` WHERE `upload_by` = 'kasol' LIMIT 1   [ RunTime:0.0009s ]
SQL: SELECT * FROM `file` WHERE `upload_by` = 'kasol' LIMIT 0,12   [ RunTime:0.0007s ]

[ 2017-08-24T11:18:19+08:00 ] ::1 /KMS/File/FileUpload/queryFiles?pageId=2&pageNum=12
INFO: [ app_init ] --START--
INFO: Run Behavior\BuildLiteBehavior [ RunTime:0.000074s ]
INFO: [ app_init ] --END-- [ RunTime:0.015656s ]
INFO: [ app_begin ] --START--
INFO: Run Behavior\ReadHtmlCacheBehavior [ RunTime:0.012388s ]
INFO: [ app_begin ] --END-- [ RunTime:0.012589s ]
SQL: SHOW COLUMNS FROM `file` [ RunTime:0.0098s ]
SQL: SELECT COUNT(*) AS tp_count FROM `file` WHERE `upload_by` = 'kasol' LIMIT 1   [ RunTime:0.0007s ]
SQL: SELECT * FROM `file` WHERE `upload_by` = 'kasol' LIMIT 12,12   [ RunTime:0.0004s ]

[ 2017-08-24T11:18:20+08:00 ] ::1 /KMS/File/FileUpload/queryFiles?pageId=1&pageNum=12
INFO: [ app_init ] --START--
INFO: Run Behavior\BuildLiteBehavior [ RunTime:0.000022s ]
INFO: [ app_init ] --END-- [ RunTime:0.000787s ]
INFO: [ app_begin ] --START--
INFO: Run Behavior\ReadHtmlCacheBehavior [ RunTime:0.000956s ]
INFO: [ app_begin ] --END-- [ RunTime:0.001031s ]
SQL: SHOW COLUMNS FROM `file` [ RunTime:0.0083s ]
SQL: SELECT COUNT(*) AS tp_count FROM `file` WHERE `upload_by` = 'kasol' LIMIT 1   [ RunTime:0.0005s ]
SQL: SELECT * FROM `file` WHERE `upload_by` = 'kasol' LIMIT 0,12   [ RunTime:0.0014s ]

[ 2017-08-24T11:18:21+08:00 ] ::1 /KMS/File/FileUpload/queryFiles?pageId=2&pageNum=12
INFO: [ app_init ] --START--
INFO: Run Behavior\BuildLiteBehavior [ RunTime:0.000035s ]
INFO: [ app_init ] --END-- [ RunTime:0.000872s ]
INFO: [ app_begin ] --START--
INFO: Run Behavior\ReadHtmlCacheBehavior [ RunTime:0.000971s ]
INFO: [ app_begin ] --END-- [ RunTime:0.001052s ]
SQL: SHOW COLUMNS FROM `file` [ RunTime:0.0104s ]
SQL: SELECT COUNT(*) AS tp_count FROM `file` WHERE `upload_by` = 'kasol' LIMIT 1   [ RunTime:0.0006s ]
SQL: SELECT * FROM `file` WHERE `upload_by` = 'kasol' LIMIT 12,12   [ RunTime:0.0007s ]

[ 2017-08-24T21:09:09+08:00 ] ::1 /KMS/File/FileUpload/queryFiles?pageId=1&pageNum=12
INFO: [ app_init ] --START--
INFO: Run Behavior\BuildLiteBehavior [ RunTime:0.000028s ]
INFO: [ app_init ] --END-- [ RunTime:0.040530s ]
INFO: [ app_begin ] --START--
INFO: Run Behavior\ReadHtmlCacheBehavior [ RunTime:0.028714s ]
INFO: [ app_begin ] --END-- [ RunTime:0.028842s ]

