[ 2017-08-21T21:23:19+08:00 ] ::1 /KMS/Uploads/599ad56b2cafb.png
INFO: [ app_init ] --START--
INFO: Run Behavior\BuildLiteBehavior [ RunTime:0.000014s ]
INFO: [ app_init ] --END-- [ RunTime:0.000496s ]
ERR: 无法加载模块:Uploads

[ 2017-08-21T21:23:21+08:00 ] ::1 /KMS/Uploads/599ad56b2cafb.png
INFO: [ app_init ] --START--
INFO: Run Behavior\BuildLiteBehavior [ RunTime:0.000026s ]
INFO: [ app_init ] --END-- [ RunTime:0.001063s ]
ERR: 无法加载模块:Uploads

[ 2017-08-21T21:23:21+08:00 ] ::1 /KMS/Uploads/599ad56b2de25.png
INFO: [ app_init ] --START--
INFO: Run Behavior\BuildLiteBehavior [ RunTime:0.000024s ]
INFO: [ app_init ] --END-- [ RunTime:0.000933s ]
ERR: 无法加载模块:Uploads

[ 2017-08-21T21:23:22+08:00 ] ::1 /KMS/Uploads/599ad56b2cafb.png
INFO: [ app_init ] --START--
INFO: Run Behavior\BuildLiteBehavior [ RunTime:0.000013s ]
INFO: [ app_init ] --END-- [ RunTime:0.000512s ]
ERR: 无法加载模块:Uploads

[ 2017-08-21T21:23:22+08:00 ] ::1 /KMS/Uploads/599ad56b2de25.png
INFO: [ app_init ] --START--
INFO: Run Behavior\BuildLiteBehavior [ RunTime:0.000022s ]
INFO: [ app_init ] --END-- [ RunTime:0.000666s ]
ERR: 无法加载模块:Uploads

[ 2017-08-21T21:23:23+08:00 ] ::1 /KMS/Uploads/599ad56b2de25.png
INFO: [ app_init ] --START--
INFO: Run Behavior\BuildLiteBehavior [ RunTime:0.000014s ]
INFO: [ app_init ] --END-- [ RunTime:0.000548s ]
ERR: 无法加载模块:Uploads

[ 2017-08-21T21:23:23+08:00 ] ::1 /KMS/Uploads/599ad56b2cafb.png
INFO: [ app_init ] --START--
INFO: Run Behavior\BuildLiteBehavior [ RunTime:0.000014s ]
INFO: [ app_init ] --END-- [ RunTime:0.000511s ]
ERR: 无法加载模块:Uploads

[ 2017-08-21T21:23:27+08:00 ] ::1 /KMS/Uploads/599ad56b2de25.png
INFO: [ app_init ] --START--
INFO: Run Behavior\BuildLiteBehavior [ RunTime:0.000015s ]
INFO: [ app_init ] --END-- [ RunTime:0.000678s ]
ERR: 无法加载模块:Uploads

[ 2017-08-21T21:23:27+08:00 ] ::1 /KMS/Uploads/599ad56b2cafb.png
INFO: [ app_init ] --START--
INFO: Run Behavior\BuildLiteBehavior [ RunTime:0.000046s ]
INFO: [ app_init ] --END-- [ RunTime:0.001501s ]
ERR: 无法加载模块:Uploads

[ 2017-08-21T21:23:42+08:00 ] ::1 /KMS/Uploads/599ad56b2de25.png
INFO: [ app_init ] --START--
INFO: Run Behavior\BuildLiteBehavior [ RunTime:0.000096s ]
INFO: [ app_init ] --END-- [ RunTime:0.002076s ]
ERR: 无法加载模块:Uploads

[ 2017-08-21T21:23:42+08:00 ] ::1 /KMS/Uploads/599ad56b2cafb.png
INFO: [ app_init ] --START--
INFO: Run Behavior\BuildLiteBehavior [ RunTime:0.000025s ]
INFO: [ app_init ] --END-- [ RunTime:0.001215s ]
ERR: 无法加载模块:Uploads

